2026-01-29 10:34:04.393 [main] INFO  Utils -  - [TestNG] Running:
  C:\Users\DREAMWORLD\AppData\Local\JetBrains\IdeaIC2025.2\temp-testng-customsuite.xml

2026-01-29 10:44:53.240 [main] INFO  Utils -  - [TestNG] Running:
  C:\Users\DREAMWORLD\AppData\Local\JetBrains\IdeaIC2025.2\temp-testng-customsuite.xml

2026-01-29 10:44:53.351 [main] INFO  BaseTest -  - ===== Starting Test Setup on thread: main =====
2026-01-29 10:44:53.355 [main] INFO  BaseTest -  - No TestNG browser parameter provided. Falling back to config: chrome
2026-01-29 10:44:53.361 [main] INFO  DriverFactory -  - Initiating driver on for browser chrome on threadmain
2026-01-29 10:44:57.090 [main] INFO  DriverManager -  - Chrome Driver Instance Is Created
2026-01-29 10:44:57.090 [main] DEBUG DriverManager -  - Driver instance created successfully: ChromeDriver: chrome on windows (57fea8c6e96d33cffca99603a8acf3ce)
2026-01-29 10:44:57.090 [main] DEBUG DriverFactory -  - WebDriver instance set in ThreadLocal for thread: main
2026-01-29 10:44:57.091 [main] DEBUG BaseTest -  - WebDriver initialized successfully
2026-01-29 10:44:57.097 [main] DEBUG ActionDriver -  - ActionDriver initialized with explicitWait=20 seconds
2026-01-29 10:44:57.097 [main] DEBUG BaseTest -  - ActionDriver initialized
2026-01-29 10:44:57.097 [main] INFO  BaseTest -  - Configuring Browser Settings...
2026-01-29 10:44:57.097 [main] DEBUG BaseTest -  - Setting implicit wait to 2 seconds
2026-01-29 10:44:57.104 [main] INFO  BaseTest -  - Maximizing browser window
2026-01-29 10:45:02.157 [main] INFO  BaseTest -  - Navigating to URL: https://uat.carecoordinations.com/
2026-01-29 10:45:02.163 [main] INFO  BaseTest -  - Logging in with user role: SYSTEM_ADMIN | Multi-branch org: true
2026-01-29 10:45:02.170 [main] DEBUG ActionDriver -  - Waiting for element to be clickable: By.xpath: //a[@class='top-nav-btn'][normalize-space()='Log In']
2026-01-29 10:45:02.269 [main] INFO  ActionDriver -  - Clicking element: By.xpath: //a[@class='top-nav-btn'][normalize-space()='Log In']
2026-01-29 10:45:02.270 [main] DEBUG ActionDriver -  - Waiting for element to be clickable: By.xpath: //a[@class='top-nav-btn'][normalize-space()='Log In']
2026-01-29 10:45:06.460 [main] INFO  LandingPage -  - Click on log in page from landing page
2026-01-29 10:45:06.465 [main] INFO  LoginPage -  - Adding Username and Password max.admin@yopmail.com Admin@111
2026-01-29 10:45:06.466 [main] INFO  ActionDriver -  - Entering text into By.id: email
2026-01-29 10:45:06.466 [main] DEBUG ActionDriver -  - Waiting for visibility of: By.id: email
2026-01-29 10:45:07.023 [main] INFO  ActionDriver -  - Entering text into By.id: password
2026-01-29 10:45:07.023 [main] DEBUG ActionDriver -  - Waiting for visibility of: By.id: password
2026-01-29 10:45:07.319 [main] INFO  ActionDriver -  - Clicking element: By.xpath: //button[@id='FinalCommonLoginBtn']
2026-01-29 10:45:07.319 [main] DEBUG ActionDriver -  - Waiting for element to be clickable: By.xpath: //button[@id='FinalCommonLoginBtn']
2026-01-29 10:45:07.453 [main] INFO  LoginPage -  - Clicking  on login button ......
2026-01-29 10:45:07.454 [main] INFO  BaseTest -  - === @BeforeMethod completed ===
2026-01-29 10:45:07.466 [main] DEBUG ActionDriver -  - Waiting for visibility of: By.xpath: //a[contains(@href,'manage-team')]
2026-01-29 10:45:15.170 [main] DEBUG ActionDriver -  - Checking visibility for: By.xpath: //a[contains(@href,'manage-team')]
2026-01-29 10:45:15.170 [main] DEBUG ActionDriver -  - Waiting for visibility of: By.xpath: //a[contains(@href,'manage-team')]
2026-01-29 10:45:15.214 [main] INFO  HeaderPage -  - Manage team status for logged in user true
2026-01-29 10:45:15.221 [main] DEBUG BaseTest -  - @AfterMethod optional cleanup for thread: main
2026-01-29 10:45:15.221 [main] INFO  BaseTest -  - Attempting logout after test
2026-01-29 10:45:15.221 [main] INFO  BaseTest -  - Logout performed
2026-01-29 10:45:15.221 [main] INFO  DriverFactory -  - Quitting WebDriver for thread: main
2026-01-29 10:45:15.825 [main] DEBUG DriverFactory -  - WebDriver removed from ThreadLocal for thread: main
2026-01-29 10:45:15.825 [main] INFO  BaseTest -  - WebDriver quit and ThreadLocal cleared
2026-01-29 17:01:28.231 [main] INFO  Utils -  - [TestNG] Running:
  C:\Users\DREAMWORLD\AppData\Local\JetBrains\IdeaIC2025.2\temp-testng-customsuite.xml

2026-01-29 17:01:28.347 [main] INFO  BaseTest -  - ===== Starting Test Setup on thread: main =====
2026-01-29 17:01:28.352 [main] INFO  BaseTest -  - No TestNG browser parameter provided. Falling back to config: chrome
2026-01-29 17:01:28.356 [main] INFO  DriverFactory -  - Initiating driver on for browser chrome on threadmain
2026-01-29 17:01:31.317 [main] INFO  DriverManager -  - Chrome Driver Instance Is Created
2026-01-29 17:01:31.318 [main] DEBUG DriverManager -  - Driver instance created successfully: ChromeDriver: chrome on windows (c16cf39e1ad67320f5c277df1e581c0b)
2026-01-29 17:01:31.318 [main] DEBUG DriverFactory -  - WebDriver instance set in ThreadLocal for thread: main
2026-01-29 17:01:31.318 [main] DEBUG BaseTest -  - WebDriver initialized successfully
2026-01-29 17:01:31.322 [main] DEBUG ActionDriver -  - ActionDriver initialized with explicitWait=20 seconds
2026-01-29 17:01:31.323 [main] DEBUG BaseTest -  - ActionDriver initialized
2026-01-29 17:01:31.323 [main] INFO  BaseTest -  - Configuring Browser Settings...
2026-01-29 17:01:31.323 [main] DEBUG BaseTest -  - Setting implicit wait to 2 seconds
2026-01-29 17:01:31.330 [main] INFO  BaseTest -  - Maximizing browser window
2026-01-29 17:01:35.557 [main] INFO  BaseTest -  - Navigating to URL: https://uat.carecoordinations.com/
2026-01-29 17:01:35.557 [main] INFO  BaseTest -  - Skip for logged for method verifyMangeTeamForAllUserRole
2026-01-29 17:01:35.557 [main] INFO  BaseTest -  - === @BeforeMethod completed ===
2026-01-29 17:01:35.578 [main] DEBUG BaseTest -  - @AfterMethod optional cleanup for thread: main
2026-01-29 17:01:35.578 [main] DEBUG BaseTest -  - Skipping logout because login was skipped for this test
2026-01-29 17:01:35.578 [main] INFO  DriverFactory -  - Quitting WebDriver for thread: main
2026-01-29 17:01:35.872 [main] DEBUG DriverFactory -  - WebDriver removed from ThreadLocal for thread: main
2026-01-29 17:01:35.872 [main] INFO  BaseTest -  - WebDriver quit and ThreadLocal cleared
2026-01-29 17:01:35.876 [main] INFO  BaseTest -  - ===== Starting Test Setup on thread: main =====
2026-01-29 17:01:35.876 [main] INFO  BaseTest -  - No TestNG browser parameter provided. Falling back to config: chrome
2026-01-29 17:01:35.877 [main] INFO  DriverFactory -  - Initiating driver on for browser chrome on threadmain
2026-01-29 17:01:37.060 [main] INFO  DriverManager -  - Chrome Driver Instance Is Created
2026-01-29 17:01:37.060 [main] DEBUG DriverManager -  - Driver instance created successfully: ChromeDriver: chrome on windows (c16af5ed54d0c492a11b7e6bd356abde)
2026-01-29 17:01:37.060 [main] DEBUG DriverFactory -  - WebDriver instance set in ThreadLocal for thread: main
2026-01-29 17:01:37.060 [main] DEBUG BaseTest -  - WebDriver initialized successfully
2026-01-29 17:01:37.060 [main] DEBUG ActionDriver -  - ActionDriver initialized with explicitWait=20 seconds
2026-01-29 17:01:37.060 [main] DEBUG BaseTest -  - ActionDriver initialized
2026-01-29 17:01:37.060 [main] INFO  BaseTest -  - Configuring Browser Settings...
2026-01-29 17:01:37.060 [main] DEBUG BaseTest -  - Setting implicit wait to 2 seconds
2026-01-29 17:01:37.063 [main] INFO  BaseTest -  - Maximizing browser window
2026-01-29 17:01:40.893 [main] INFO  BaseTest -  - Navigating to URL: https://uat.carecoordinations.com/
2026-01-29 17:01:40.894 [main] INFO  BaseTest -  - Skip for logged for method verifyMangeTeamForAllUserRole
2026-01-29 17:01:40.894 [main] INFO  BaseTest -  - === @BeforeMethod completed ===
2026-01-29 17:01:40.899 [main] DEBUG BaseTest -  - @AfterMethod optional cleanup for thread: main
2026-01-29 17:01:40.899 [main] DEBUG BaseTest -  - Skipping logout because login was skipped for this test
2026-01-29 17:01:40.899 [main] INFO  DriverFactory -  - Quitting WebDriver for thread: main
2026-01-29 17:01:41.323 [main] DEBUG DriverFactory -  - WebDriver removed from ThreadLocal for thread: main
2026-01-29 17:01:41.324 [main] INFO  BaseTest -  - WebDriver quit and ThreadLocal cleared
2026-01-29 17:01:41.324 [main] INFO  BaseTest -  - ===== Starting Test Setup on thread: main =====
2026-01-29 17:01:41.324 [main] INFO  BaseTest -  - No TestNG browser parameter provided. Falling back to config: chrome
2026-01-29 17:01:41.324 [main] INFO  DriverFactory -  - Initiating driver on for browser chrome on threadmain
2026-01-29 17:01:42.252 [main] INFO  DriverManager -  - Chrome Driver Instance Is Created
2026-01-29 17:01:42.252 [main] DEBUG DriverManager -  - Driver instance created successfully: ChromeDriver: chrome on windows (96eb14a995cb006b827892d3dbb05d59)
2026-01-29 17:01:42.253 [main] DEBUG DriverFactory -  - WebDriver instance set in ThreadLocal for thread: main
2026-01-29 17:01:42.253 [main] DEBUG BaseTest -  - WebDriver initialized successfully
2026-01-29 17:01:42.253 [main] DEBUG ActionDriver -  - ActionDriver initialized with explicitWait=20 seconds
2026-01-29 17:01:42.253 [main] DEBUG BaseTest -  - ActionDriver initialized
2026-01-29 17:01:42.254 [main] INFO  BaseTest -  - Configuring Browser Settings...
2026-01-29 17:01:42.254 [main] DEBUG BaseTest -  - Setting implicit wait to 2 seconds
2026-01-29 17:01:42.258 [main] INFO  BaseTest -  - Maximizing browser window
2026-01-29 17:01:46.338 [main] INFO  BaseTest -  - Navigating to URL: https://uat.carecoordinations.com/
2026-01-29 17:01:46.338 [main] INFO  BaseTest -  - Skip for logged for method verifyMangeTeamForAllUserRole
2026-01-29 17:01:46.338 [main] INFO  BaseTest -  - === @BeforeMethod completed ===
2026-01-29 17:01:46.344 [main] DEBUG BaseTest -  - @AfterMethod optional cleanup for thread: main
2026-01-29 17:01:46.344 [main] DEBUG BaseTest -  - Skipping logout because login was skipped for this test
2026-01-29 17:01:46.344 [main] INFO  DriverFactory -  - Quitting WebDriver for thread: main
2026-01-29 17:01:46.679 [main] DEBUG DriverFactory -  - WebDriver removed from ThreadLocal for thread: main
2026-01-29 17:01:46.680 [main] INFO  BaseTest -  - WebDriver quit and ThreadLocal cleared
2026-01-29 17:01:46.689 [main] INFO  BaseTest -  - ===== Starting Test Setup on thread: main =====
2026-01-29 17:01:46.694 [main] INFO  BaseTest -  - No TestNG browser parameter provided. Falling back to config: chrome
2026-01-29 17:01:46.703 [main] INFO  DriverFactory -  - Initiating driver on for browser chrome on threadmain
2026-01-29 17:01:47.618 [main] INFO  DriverManager -  - Chrome Driver Instance Is Created
2026-01-29 17:01:47.619 [main] DEBUG DriverManager -  - Driver instance created successfully: ChromeDriver: chrome on windows (4d80d57fc7b000edcba4b38eccd15164)
2026-01-29 17:01:47.619 [main] DEBUG DriverFactory -  - WebDriver instance set in ThreadLocal for thread: main
2026-01-29 17:01:47.619 [main] DEBUG BaseTest -  - WebDriver initialized successfully
2026-01-29 17:01:47.619 [main] DEBUG ActionDriver -  - ActionDriver initialized with explicitWait=20 seconds
2026-01-29 17:01:47.619 [main] DEBUG BaseTest -  - ActionDriver initialized
2026-01-29 17:01:47.619 [main] INFO  BaseTest -  - Configuring Browser Settings...
2026-01-29 17:01:47.619 [main] DEBUG BaseTest -  - Setting implicit wait to 2 seconds
2026-01-29 17:01:47.623 [main] INFO  BaseTest -  - Maximizing browser window
2026-01-29 17:01:51.659 [main] INFO  BaseTest -  - Navigating to URL: https://uat.carecoordinations.com/
2026-01-29 17:01:51.659 [main] INFO  BaseTest -  - Skip for logged for method verifyMangeTeamForAllUserRole
2026-01-29 17:01:51.659 [main] INFO  BaseTest -  - === @BeforeMethod completed ===
2026-01-29 17:01:51.664 [main] DEBUG BaseTest -  - @AfterMethod optional cleanup for thread: main
2026-01-29 17:01:51.664 [main] DEBUG BaseTest -  - Skipping logout because login was skipped for this test
2026-01-29 17:01:51.664 [main] INFO  DriverFactory -  - Quitting WebDriver for thread: main
2026-01-29 17:01:52.117 [main] DEBUG DriverFactory -  - WebDriver removed from ThreadLocal for thread: main
2026-01-29 17:01:52.117 [main] INFO  BaseTest -  - WebDriver quit and ThreadLocal cleared
2026-01-29 17:01:52.117 [main] INFO  BaseTest -  - ===== Starting Test Setup on thread: main =====
2026-01-29 17:01:52.117 [main] INFO  BaseTest -  - No TestNG browser parameter provided. Falling back to config: chrome
2026-01-29 17:01:52.117 [main] INFO  DriverFactory -  - Initiating driver on for browser chrome on threadmain
2026-01-29 17:01:53.143 [main] INFO  DriverManager -  - Chrome Driver Instance Is Created
2026-01-29 17:01:53.143 [main] DEBUG DriverManager -  - Driver instance created successfully: ChromeDriver: chrome on windows (f5dce39c674e2c5b76c967fba0ea90d5)
2026-01-29 17:01:53.144 [main] DEBUG DriverFactory -  - WebDriver instance set in ThreadLocal for thread: main
2026-01-29 17:01:53.144 [main] DEBUG BaseTest -  - WebDriver initialized successfully
2026-01-29 17:01:53.144 [main] DEBUG ActionDriver -  - ActionDriver initialized with explicitWait=20 seconds
2026-01-29 17:01:53.144 [main] DEBUG BaseTest -  - ActionDriver initialized
2026-01-29 17:01:53.144 [main] INFO  BaseTest -  - Configuring Browser Settings...
2026-01-29 17:01:53.144 [main] DEBUG BaseTest -  - Setting implicit wait to 2 seconds
2026-01-29 17:01:53.148 [main] INFO  BaseTest -  - Maximizing browser window
2026-01-29 17:01:56.771 [main] INFO  BaseTest -  - Navigating to URL: https://uat.carecoordinations.com/
2026-01-29 17:01:56.771 [main] INFO  BaseTest -  - Skip for logged for method verifyMangeTeamForAllUserRole
2026-01-29 17:01:56.771 [main] INFO  BaseTest -  - === @BeforeMethod completed ===
2026-01-29 17:01:56.780 [main] DEBUG BaseTest -  - @AfterMethod optional cleanup for thread: main
2026-01-29 17:01:56.785 [main] DEBUG BaseTest -  - Skipping logout because login was skipped for this test
2026-01-29 17:01:56.785 [main] INFO  DriverFactory -  - Quitting WebDriver for thread: main
2026-01-29 17:01:57.033 [main] DEBUG DriverFactory -  - WebDriver removed from ThreadLocal for thread: main
2026-01-29 17:01:57.034 [main] INFO  BaseTest -  - WebDriver quit and ThreadLocal cleared
2026-01-29 17:01:57.037 [main] INFO  BaseTest -  - ===== Starting Test Setup on thread: main =====
2026-01-29 17:01:57.037 [main] INFO  BaseTest -  - No TestNG browser parameter provided. Falling back to config: chrome
2026-01-29 17:01:57.038 [main] INFO  DriverFactory -  - Initiating driver on for browser chrome on threadmain
2026-01-29 17:01:58.005 [main] INFO  DriverManager -  - Chrome Driver Instance Is Created
2026-01-29 17:01:58.005 [main] DEBUG DriverManager -  - Driver instance created successfully: ChromeDriver: chrome on windows (0402f6212c06c4d97a029ac7bbc842ce)
2026-01-29 17:01:58.005 [main] DEBUG DriverFactory -  - WebDriver instance set in ThreadLocal for thread: main
2026-01-29 17:01:58.005 [main] DEBUG BaseTest -  - WebDriver initialized successfully
2026-01-29 17:01:58.005 [main] DEBUG ActionDriver -  - ActionDriver initialized with explicitWait=20 seconds
2026-01-29 17:01:58.005 [main] DEBUG BaseTest -  - ActionDriver initialized
2026-01-29 17:01:58.005 [main] INFO  BaseTest -  - Configuring Browser Settings...
2026-01-29 17:01:58.006 [main] DEBUG BaseTest -  - Setting implicit wait to 2 seconds
2026-01-29 17:01:58.009 [main] INFO  BaseTest -  - Maximizing browser window
2026-01-29 17:02:02.987 [main] INFO  BaseTest -  - Navigating to URL: https://uat.carecoordinations.com/
2026-01-29 17:02:02.989 [main] INFO  BaseTest -  - Skip for logged for method verifyMangeTeamForAllUserRole
2026-01-29 17:02:02.989 [main] INFO  BaseTest -  - === @BeforeMethod completed ===
2026-01-29 17:02:02.993 [main] DEBUG BaseTest -  - @AfterMethod optional cleanup for thread: main
2026-01-29 17:02:02.993 [main] DEBUG BaseTest -  - Skipping logout because login was skipped for this test
2026-01-29 17:02:02.993 [main] INFO  DriverFactory -  - Quitting WebDriver for thread: main
2026-01-29 17:02:03.299 [main] DEBUG DriverFactory -  - WebDriver removed from ThreadLocal for thread: main
2026-01-29 17:02:03.300 [main] INFO  BaseTest -  - WebDriver quit and ThreadLocal cleared
2026-01-29 17:02:03.301 [main] INFO  BaseTest -  - ===== Starting Test Setup on thread: main =====
2026-01-29 17:02:03.301 [main] INFO  BaseTest -  - No TestNG browser parameter provided. Falling back to config: chrome
2026-01-29 17:02:03.301 [main] INFO  DriverFactory -  - Initiating driver on for browser chrome on threadmain
2026-01-29 17:02:04.254 [main] INFO  DriverManager -  - Chrome Driver Instance Is Created
2026-01-29 17:02:04.254 [main] DEBUG DriverManager -  - Driver instance created successfully: ChromeDriver: chrome on windows (5c0e89ff188c05c82f106df7aef0d25f)
2026-01-29 17:02:04.254 [main] DEBUG DriverFactory -  - WebDriver instance set in ThreadLocal for thread: main
2026-01-29 17:02:04.255 [main] DEBUG BaseTest -  - WebDriver initialized successfully
2026-01-29 17:02:04.255 [main] DEBUG ActionDriver -  - ActionDriver initialized with explicitWait=20 seconds
2026-01-29 17:02:04.255 [main] DEBUG BaseTest -  - ActionDriver initialized
2026-01-29 17:02:04.255 [main] INFO  BaseTest -  - Configuring Browser Settings...
2026-01-29 17:02:04.255 [main] DEBUG BaseTest -  - Setting implicit wait to 2 seconds
2026-01-29 17:02:04.259 [main] INFO  BaseTest -  - Maximizing browser window
2026-01-29 17:02:09.003 [main] INFO  BaseTest -  - Navigating to URL: https://uat.carecoordinations.com/
2026-01-29 17:02:09.003 [main] INFO  BaseTest -  - Skip for logged for method verifyMangeTeamForAllUserRole
2026-01-29 17:02:09.003 [main] INFO  BaseTest -  - === @BeforeMethod completed ===
2026-01-29 17:02:09.007 [main] DEBUG BaseTest -  - @AfterMethod optional cleanup for thread: main
2026-01-29 17:02:09.007 [main] DEBUG BaseTest -  - Skipping logout because login was skipped for this test
2026-01-29 17:02:09.007 [main] INFO  DriverFactory -  - Quitting WebDriver for thread: main
2026-01-29 17:02:09.262 [main] DEBUG DriverFactory -  - WebDriver removed from ThreadLocal for thread: main
2026-01-29 17:02:09.262 [main] INFO  BaseTest -  - WebDriver quit and ThreadLocal cleared
2026-01-29 17:03:11.786 [main] INFO  Utils -  - [TestNG] Running:
  C:\Users\DREAMWORLD\AppData\Local\JetBrains\IdeaIC2025.2\temp-testng-customsuite.xml

2026-01-29 17:03:11.916 [main] INFO  BaseTest -  - ===== Starting Test Setup on thread: main =====
2026-01-29 17:03:11.920 [main] INFO  BaseTest -  - No TestNG browser parameter provided. Falling back to config: chrome
2026-01-29 17:03:11.923 [main] INFO  DriverFactory -  - Initiating driver on for browser chrome on threadmain
2026-01-29 17:03:13.537 [main] INFO  DriverManager -  - Chrome Driver Instance Is Created
2026-01-29 17:03:13.537 [main] DEBUG DriverManager -  - Driver instance created successfully: ChromeDriver: chrome on windows (9bee86881d16f70b79b1d03984d280c4)
2026-01-29 17:03:13.537 [main] DEBUG DriverFactory -  - WebDriver instance set in ThreadLocal for thread: main
2026-01-29 17:03:13.537 [main] DEBUG BaseTest -  - WebDriver initialized successfully
2026-01-29 17:03:13.537 [main] DEBUG ActionDriver -  - ActionDriver initialized with explicitWait=20 seconds
2026-01-29 17:03:13.537 [main] DEBUG BaseTest -  - ActionDriver initialized
2026-01-29 17:03:13.537 [main] INFO  BaseTest -  - Configuring Browser Settings...
2026-01-29 17:03:13.537 [main] DEBUG BaseTest -  - Setting implicit wait to 2 seconds
2026-01-29 17:03:13.537 [main] INFO  BaseTest -  - Maximizing browser window
2026-01-29 17:03:17.637 [main] INFO  BaseTest -  - Navigating to URL: https://uat.carecoordinations.com/
2026-01-29 17:03:17.637 [main] INFO  BaseTest -  - Skip for logged for method verifyMangeTeamForAllUserRole
2026-01-29 17:03:17.637 [main] INFO  BaseTest -  - === @BeforeMethod completed ===
2026-01-29 17:03:17.654 [main] DEBUG ActionDriver -  - Waiting for element to be clickable: By.xpath: //a[@class='top-nav-btn'][normalize-space()='Log In']
2026-01-29 17:03:17.741 [main] INFO  ActionDriver -  - Clicking element: By.xpath: //a[@class='top-nav-btn'][normalize-space()='Log In']
2026-01-29 17:03:17.741 [main] DEBUG ActionDriver -  - Waiting for element to be clickable: By.xpath: //a[@class='top-nav-btn'][normalize-space()='Log In']
2026-01-29 17:03:21.136 [main] INFO  LandingPage -  - Click on log in page from landing page
2026-01-29 17:03:21.136 [main] INFO  LoginPage -  - Adding Username and Password max.admin@yopmail.com Admin@111
2026-01-29 17:03:21.136 [main] INFO  ActionDriver -  - Entering text into By.id: email
2026-01-29 17:03:21.136 [main] DEBUG ActionDriver -  - Waiting for visibility of: By.id: email
2026-01-29 17:03:21.373 [main] INFO  ActionDriver -  - Entering text into By.id: password
2026-01-29 17:03:21.373 [main] DEBUG ActionDriver -  - Waiting for visibility of: By.id: password
2026-01-29 17:03:21.481 [main] INFO  ActionDriver -  - Clicking element: By.xpath: //button[@id='FinalCommonLoginBtn']
2026-01-29 17:03:21.481 [main] DEBUG ActionDriver -  - Waiting for element to be clickable: By.xpath: //button[@id='FinalCommonLoginBtn']
2026-01-29 17:03:21.572 [main] INFO  LoginPage -  - Clicking  on login button ......
2026-01-29 17:03:21.572 [main] DEBUG ActionDriver -  - Waiting for visibility of: By.xpath: //a[contains(@href,'manage-team')]
2026-01-29 17:03:31.633 [main] DEBUG ActionDriver -  - Checking visibility for: By.xpath: //a[contains(@href,'manage-team')]
2026-01-29 17:03:31.634 [main] DEBUG ActionDriver -  - Waiting for visibility of: By.xpath: //a[contains(@href,'manage-team')]
2026-01-29 17:03:31.721 [main] INFO  HeaderPage -  - Manage team status for logged in user true
2026-01-29 17:03:31.732 [main] DEBUG BaseTest -  - @AfterMethod optional cleanup for thread: main
2026-01-29 17:03:31.732 [main] DEBUG BaseTest -  - Skipping logout because login was skipped for this test
2026-01-29 17:03:31.732 [main] INFO  DriverFactory -  - Quitting WebDriver for thread: main
2026-01-29 17:03:32.187 [main] DEBUG DriverFactory -  - WebDriver removed from ThreadLocal for thread: main
2026-01-29 17:03:32.187 [main] INFO  BaseTest -  - WebDriver quit and ThreadLocal cleared
2026-01-29 17:03:32.190 [main] INFO  BaseTest -  - ===== Starting Test Setup on thread: main =====
2026-01-29 17:03:32.191 [main] INFO  BaseTest -  - No TestNG browser parameter provided. Falling back to config: chrome
2026-01-29 17:03:32.191 [main] INFO  DriverFactory -  - Initiating driver on for browser chrome on threadmain
2026-01-29 17:03:33.109 [main] INFO  DriverManager -  - Chrome Driver Instance Is Created
2026-01-29 17:03:33.109 [main] DEBUG DriverManager -  - Driver instance created successfully: ChromeDriver: chrome on windows (1ef4bec2f1e5b2a98ecac1103f7ac985)
2026-01-29 17:03:33.109 [main] DEBUG DriverFactory -  - WebDriver instance set in ThreadLocal for thread: main
2026-01-29 17:03:33.109 [main] DEBUG BaseTest -  - WebDriver initialized successfully
2026-01-29 17:03:33.110 [main] DEBUG ActionDriver -  - ActionDriver initialized with explicitWait=20 seconds
2026-01-29 17:03:33.110 [main] DEBUG BaseTest -  - ActionDriver initialized
2026-01-29 17:03:33.110 [main] INFO  BaseTest -  - Configuring Browser Settings...
2026-01-29 17:03:33.110 [main] DEBUG BaseTest -  - Setting implicit wait to 2 seconds
2026-01-29 17:03:33.145 [main] INFO  BaseTest -  - Maximizing browser window
2026-01-29 17:03:37.576 [main] INFO  BaseTest -  - Navigating to URL: https://uat.carecoordinations.com/
2026-01-29 17:03:37.577 [main] INFO  BaseTest -  - Skip for logged for method verifyMangeTeamForAllUserRole
2026-01-29 17:03:37.577 [main] INFO  BaseTest -  - === @BeforeMethod completed ===
2026-01-29 17:03:37.580 [main] DEBUG ActionDriver -  - Waiting for element to be clickable: By.xpath: //a[@class='top-nav-btn'][normalize-space()='Log In']
2026-01-29 17:03:37.702 [main] INFO  ActionDriver -  - Clicking element: By.xpath: //a[@class='top-nav-btn'][normalize-space()='Log In']
2026-01-29 17:03:37.702 [main] DEBUG ActionDriver -  - Waiting for element to be clickable: By.xpath: //a[@class='top-nav-btn'][normalize-space()='Log In']
2026-01-29 17:03:41.787 [main] INFO  LandingPage -  - Click on log in page from landing page
2026-01-29 17:03:41.788 [main] INFO  LoginPage -  - Adding Username and Password ana.admin@yopmail.com Admin@123
2026-01-29 17:03:41.788 [main] INFO  ActionDriver -  - Entering text into By.id: email
2026-01-29 17:03:41.788 [main] DEBUG ActionDriver -  - Waiting for visibility of: By.id: email
2026-01-29 17:03:41.953 [main] INFO  ActionDriver -  - Entering text into By.id: password
2026-01-29 17:03:41.953 [main] DEBUG ActionDriver -  - Waiting for visibility of: By.id: password
2026-01-29 17:03:42.098 [main] INFO  ActionDriver -  - Clicking element: By.xpath: //button[@id='FinalCommonLoginBtn']
2026-01-29 17:03:42.098 [main] DEBUG ActionDriver -  - Waiting for element to be clickable: By.xpath: //button[@id='FinalCommonLoginBtn']
2026-01-29 17:03:42.207 [main] INFO  LoginPage -  - Clicking  on login button ......
2026-01-29 17:03:42.208 [main] DEBUG ActionDriver -  - Waiting for visibility of: By.xpath: //a[contains(@href,'manage-team')]
2026-01-29 17:03:49.825 [main] DEBUG ActionDriver -  - Checking visibility for: By.xpath: //a[contains(@href,'manage-team')]
2026-01-29 17:03:49.825 [main] DEBUG ActionDriver -  - Waiting for visibility of: By.xpath: //a[contains(@href,'manage-team')]
2026-01-29 17:03:50.014 [main] INFO  HeaderPage -  - Manage team status for logged in user true
2026-01-29 17:03:50.017 [main] DEBUG BaseTest -  - @AfterMethod optional cleanup for thread: main
2026-01-29 17:03:50.017 [main] DEBUG BaseTest -  - Skipping logout because login was skipped for this test
2026-01-29 17:03:50.017 [main] INFO  DriverFactory -  - Quitting WebDriver for thread: main
2026-01-29 17:03:50.510 [main] DEBUG DriverFactory -  - WebDriver removed from ThreadLocal for thread: main
2026-01-29 17:03:50.510 [main] INFO  BaseTest -  - WebDriver quit and ThreadLocal cleared
2026-01-29 17:03:50.512 [main] INFO  BaseTest -  - ===== Starting Test Setup on thread: main =====
2026-01-29 17:03:50.512 [main] INFO  BaseTest -  - No TestNG browser parameter provided. Falling back to config: chrome
2026-01-29 17:03:50.512 [main] INFO  DriverFactory -  - Initiating driver on for browser chrome on threadmain
2026-01-29 17:03:51.381 [main] INFO  DriverManager -  - Chrome Driver Instance Is Created
2026-01-29 17:03:51.381 [main] DEBUG DriverManager -  - Driver instance created successfully: ChromeDriver: chrome on windows (3dc232ca20a9985723f4cca29c39b565)
2026-01-29 17:03:51.381 [main] DEBUG DriverFactory -  - WebDriver instance set in ThreadLocal for thread: main
2026-01-29 17:03:51.381 [main] DEBUG BaseTest -  - WebDriver initialized successfully
2026-01-29 17:03:51.381 [main] DEBUG ActionDriver -  - ActionDriver initialized with explicitWait=20 seconds
2026-01-29 17:03:51.381 [main] DEBUG BaseTest -  - ActionDriver initialized
2026-01-29 17:03:51.381 [main] INFO  BaseTest -  - Configuring Browser Settings...
2026-01-29 17:03:51.381 [main] DEBUG BaseTest -  - Setting implicit wait to 2 seconds
2026-01-29 17:03:51.387 [main] INFO  BaseTest -  - Maximizing browser window
2026-01-29 17:03:55.024 [main] INFO  BaseTest -  - Navigating to URL: https://uat.carecoordinations.com/
2026-01-29 17:03:55.024 [main] INFO  BaseTest -  - Skip for logged for method verifyMangeTeamForAllUserRole
2026-01-29 17:03:55.024 [main] INFO  BaseTest -  - === @BeforeMethod completed ===
2026-01-29 17:03:55.026 [main] DEBUG ActionDriver -  - Waiting for element to be clickable: By.xpath: //a[@class='top-nav-btn'][normalize-space()='Log In']
2026-01-29 17:03:55.088 [main] INFO  ActionDriver -  - Clicking element: By.xpath: //a[@class='top-nav-btn'][normalize-space()='Log In']
2026-01-29 17:03:55.088 [main] DEBUG ActionDriver -  - Waiting for element to be clickable: By.xpath: //a[@class='top-nav-btn'][normalize-space()='Log In']
2026-01-29 17:03:57.950 [main] INFO  LandingPage -  - Click on log in page from landing page
2026-01-29 17:03:57.950 [main] INFO  LoginPage -  - Adding Username and Password joy.manager@yopmail.com Admin@111
2026-01-29 17:03:57.950 [main] INFO  ActionDriver -  - Entering text into By.id: email
2026-01-29 17:03:57.950 [main] DEBUG ActionDriver -  - Waiting for visibility of: By.id: email
2026-01-29 17:03:58.186 [main] INFO  ActionDriver -  - Entering text into By.id: password
2026-01-29 17:03:58.186 [main] DEBUG ActionDriver -  - Waiting for visibility of: By.id: password
2026-01-29 17:03:58.275 [main] INFO  ActionDriver -  - Clicking element: By.xpath: //button[@id='FinalCommonLoginBtn']
2026-01-29 17:03:58.275 [main] DEBUG ActionDriver -  - Waiting for element to be clickable: By.xpath: //button[@id='FinalCommonLoginBtn']
2026-01-29 17:03:58.376 [main] INFO  LoginPage -  - Clicking  on login button ......
2026-01-29 17:03:58.376 [main] DEBUG ActionDriver -  - Waiting for visibility of: By.xpath: //a[contains(@href,'manage-team')]
2026-01-29 17:04:07.363 [main] DEBUG ActionDriver -  - Checking visibility for: By.xpath: //a[contains(@href,'manage-team')]
2026-01-29 17:04:07.368 [main] DEBUG ActionDriver -  - Waiting for visibility of: By.xpath: //a[contains(@href,'manage-team')]
2026-01-29 17:04:07.404 [main] INFO  HeaderPage -  - Manage team status for logged in user true
2026-01-29 17:04:07.404 [main] DEBUG BaseTest -  - @AfterMethod optional cleanup for thread: main
2026-01-29 17:04:07.404 [main] DEBUG BaseTest -  - Skipping logout because login was skipped for this test
2026-01-29 17:04:07.404 [main] INFO  DriverFactory -  - Quitting WebDriver for thread: main
2026-01-29 17:04:07.697 [main] DEBUG DriverFactory -  - WebDriver removed from ThreadLocal for thread: main
2026-01-29 17:04:07.697 [main] INFO  BaseTest -  - WebDriver quit and ThreadLocal cleared
2026-01-29 17:04:07.699 [main] INFO  BaseTest -  - ===== Starting Test Setup on thread: main =====
2026-01-29 17:04:07.699 [main] INFO  BaseTest -  - No TestNG browser parameter provided. Falling back to config: chrome
2026-01-29 17:04:07.699 [main] INFO  DriverFactory -  - Initiating driver on for browser chrome on threadmain
2026-01-29 17:04:08.643 [main] INFO  DriverManager -  - Chrome Driver Instance Is Created
2026-01-29 17:04:08.643 [main] DEBUG DriverManager -  - Driver instance created successfully: ChromeDriver: chrome on windows (6efba39afec702d7711bf2383a3f07b5)
2026-01-29 17:04:08.643 [main] DEBUG DriverFactory -  - WebDriver instance set in ThreadLocal for thread: main
2026-01-29 17:04:08.643 [main] DEBUG BaseTest -  - WebDriver initialized successfully
2026-01-29 17:04:08.643 [main] DEBUG ActionDriver -  - ActionDriver initialized with explicitWait=20 seconds
2026-01-29 17:04:08.643 [main] DEBUG BaseTest -  - ActionDriver initialized
2026-01-29 17:04:08.643 [main] INFO  BaseTest -  - Configuring Browser Settings...
2026-01-29 17:04:08.643 [main] DEBUG BaseTest -  - Setting implicit wait to 2 seconds
2026-01-29 17:04:08.646 [main] INFO  BaseTest -  - Maximizing browser window
2026-01-29 17:04:12.406 [main] INFO  BaseTest -  - Navigating to URL: https://uat.carecoordinations.com/
2026-01-29 17:04:12.406 [main] INFO  BaseTest -  - Skip for logged for method verifyMangeTeamForAllUserRole
2026-01-29 17:04:12.407 [main] INFO  BaseTest -  - === @BeforeMethod completed ===
2026-01-29 17:04:12.408 [main] DEBUG ActionDriver -  - Waiting for element to be clickable: By.xpath: //a[@class='top-nav-btn'][normalize-space()='Log In']
2026-01-29 17:04:12.447 [main] INFO  ActionDriver -  - Clicking element: By.xpath: //a[@class='top-nav-btn'][normalize-space()='Log In']
2026-01-29 17:04:12.447 [main] DEBUG ActionDriver -  - Waiting for element to be clickable: By.xpath: //a[@class='top-nav-btn'][normalize-space()='Log In']
2026-01-29 17:04:15.204 [main] INFO  LandingPage -  - Click on log in page from landing page
2026-01-29 17:04:15.204 [main] INFO  LoginPage -  - Adding Username and Password Add.cstaff@yopmail.com Admin@123
2026-01-29 17:04:15.205 [main] INFO  ActionDriver -  - Entering text into By.id: email
2026-01-29 17:04:15.205 [main] DEBUG ActionDriver -  - Waiting for visibility of: By.id: email
2026-01-29 17:04:15.353 [main] INFO  ActionDriver -  - Entering text into By.id: password
2026-01-29 17:04:15.353 [main] DEBUG ActionDriver -  - Waiting for visibility of: By.id: password
2026-01-29 17:04:15.483 [main] INFO  ActionDriver -  - Clicking element: By.xpath: //button[@id='FinalCommonLoginBtn']
2026-01-29 17:04:15.483 [main] DEBUG ActionDriver -  - Waiting for element to be clickable: By.xpath: //button[@id='FinalCommonLoginBtn']
2026-01-29 17:04:15.649 [main] INFO  LoginPage -  - Clicking  on login button ......
2026-01-29 17:04:15.649 [main] DEBUG ActionDriver -  - Waiting for visibility of: By.xpath: //a[contains(@href,'manage-team')]
2026-01-29 17:04:36.985 [main] ERROR ActionDriver -  - Locator not visible: By.xpath: //a[contains(@href,'manage-team')]
2026-01-29 17:04:36.985 [main] DEBUG BaseTest -  - @AfterMethod optional cleanup for thread: main
2026-01-29 17:04:36.985 [main] DEBUG BaseTest -  - Skipping logout because login was skipped for this test
2026-01-29 17:04:37.000 [main] INFO  DriverFactory -  - Quitting WebDriver for thread: main
2026-01-29 17:04:37.284 [main] DEBUG DriverFactory -  - WebDriver removed from ThreadLocal for thread: main
2026-01-29 17:04:37.294 [main] INFO  BaseTest -  - WebDriver quit and ThreadLocal cleared
2026-01-29 17:04:37.294 [main] INFO  BaseTest -  - ===== Starting Test Setup on thread: main =====
2026-01-29 17:04:37.294 [main] INFO  BaseTest -  - No TestNG browser parameter provided. Falling back to config: chrome
2026-01-29 17:04:37.294 [main] INFO  DriverFactory -  - Initiating driver on for browser chrome on threadmain
2026-01-29 17:04:38.299 [main] INFO  DriverManager -  - Chrome Driver Instance Is Created
2026-01-29 17:04:38.299 [main] DEBUG DriverManager -  - Driver instance created successfully: ChromeDriver: chrome on windows (69a2e75464db4fa4ab2dbd85aa825325)
2026-01-29 17:04:38.299 [main] DEBUG DriverFactory -  - WebDriver instance set in ThreadLocal for thread: main
2026-01-29 17:04:38.299 [main] DEBUG BaseTest -  - WebDriver initialized successfully
2026-01-29 17:04:38.299 [main] DEBUG ActionDriver -  - ActionDriver initialized with explicitWait=20 seconds
2026-01-29 17:04:38.299 [main] DEBUG BaseTest -  - ActionDriver initialized
2026-01-29 17:04:38.299 [main] INFO  BaseTest -  - Configuring Browser Settings...
2026-01-29 17:04:38.299 [main] DEBUG BaseTest -  - Setting implicit wait to 2 seconds
2026-01-29 17:04:38.308 [main] INFO  BaseTest -  - Maximizing browser window
2026-01-29 17:04:42.307 [main] INFO  BaseTest -  - Navigating to URL: https://uat.carecoordinations.com/
2026-01-29 17:04:42.307 [main] INFO  BaseTest -  - Skip for logged for method verifyMangeTeamForAllUserRole
2026-01-29 17:04:42.307 [main] INFO  BaseTest -  - === @BeforeMethod completed ===
2026-01-29 17:04:42.308 [main] DEBUG ActionDriver -  - Waiting for element to be clickable: By.xpath: //a[@class='top-nav-btn'][normalize-space()='Log In']
2026-01-29 17:04:42.435 [main] INFO  ActionDriver -  - Clicking element: By.xpath: //a[@class='top-nav-btn'][normalize-space()='Log In']
2026-01-29 17:04:42.444 [main] DEBUG ActionDriver -  - Waiting for element to be clickable: By.xpath: //a[@class='top-nav-btn'][normalize-space()='Log In']
2026-01-29 17:04:45.278 [main] INFO  LandingPage -  - Click on log in page from landing page
2026-01-29 17:04:45.278 [main] INFO  LoginPage -  - Adding Username and Password ishan_staff@yopmail.com Admin@111
2026-01-29 17:04:45.278 [main] INFO  ActionDriver -  - Entering text into By.id: email
2026-01-29 17:04:45.278 [main] DEBUG ActionDriver -  - Waiting for visibility of: By.id: email
2026-01-29 17:04:45.430 [main] INFO  ActionDriver -  - Entering text into By.id: password
2026-01-29 17:04:45.430 [main] DEBUG ActionDriver -  - Waiting for visibility of: By.id: password
2026-01-29 17:04:45.555 [main] INFO  ActionDriver -  - Clicking element: By.xpath: //button[@id='FinalCommonLoginBtn']
2026-01-29 17:04:45.555 [main] DEBUG ActionDriver -  - Waiting for element to be clickable: By.xpath: //button[@id='FinalCommonLoginBtn']
2026-01-29 17:04:45.715 [main] INFO  LoginPage -  - Clicking  on login button ......
2026-01-29 17:04:45.715 [main] DEBUG ActionDriver -  - Waiting for visibility of: By.xpath: //a[contains(@href,'manage-team')]
2026-01-29 17:05:07.435 [main] ERROR ActionDriver -  - Locator not visible: By.xpath: //a[contains(@href,'manage-team')]
2026-01-29 17:05:07.438 [main] DEBUG BaseTest -  - @AfterMethod optional cleanup for thread: main
2026-01-29 17:05:07.438 [main] DEBUG BaseTest -  - Skipping logout because login was skipped for this test
2026-01-29 17:05:07.438 [main] INFO  DriverFactory -  - Quitting WebDriver for thread: main
2026-01-29 17:05:07.707 [main] DEBUG DriverFactory -  - WebDriver removed from ThreadLocal for thread: main
2026-01-29 17:05:07.707 [main] INFO  BaseTest -  - WebDriver quit and ThreadLocal cleared
2026-01-29 17:05:07.711 [main] INFO  BaseTest -  - ===== Starting Test Setup on thread: main =====
2026-01-29 17:05:07.711 [main] INFO  BaseTest -  - No TestNG browser parameter provided. Falling back to config: chrome
2026-01-29 17:05:07.711 [main] INFO  DriverFactory -  - Initiating driver on for browser chrome on threadmain
2026-01-29 17:05:08.871 [main] INFO  DriverManager -  - Chrome Driver Instance Is Created
2026-01-29 17:05:08.871 [main] DEBUG DriverManager -  - Driver instance created successfully: ChromeDriver: chrome on windows (7f6b4f331962a1b40dccd5a4185b48ce)
2026-01-29 17:05:08.871 [main] DEBUG DriverFactory -  - WebDriver instance set in ThreadLocal for thread: main
2026-01-29 17:05:08.871 [main] DEBUG BaseTest -  - WebDriver initialized successfully
2026-01-29 17:05:08.871 [main] DEBUG ActionDriver -  - ActionDriver initialized with explicitWait=20 seconds
2026-01-29 17:05:08.871 [main] DEBUG BaseTest -  - ActionDriver initialized
2026-01-29 17:05:08.871 [main] INFO  BaseTest -  - Configuring Browser Settings...
2026-01-29 17:05:08.872 [main] DEBUG BaseTest -  - Setting implicit wait to 2 seconds
2026-01-29 17:05:08.880 [main] INFO  BaseTest -  - Maximizing browser window
2026-01-29 17:05:12.898 [main] INFO  BaseTest -  - Navigating to URL: https://uat.carecoordinations.com/
2026-01-29 17:05:12.898 [main] INFO  BaseTest -  - Skip for logged for method verifyMangeTeamForAllUserRole
2026-01-29 17:05:12.898 [main] INFO  BaseTest -  - === @BeforeMethod completed ===
2026-01-29 17:05:12.902 [main] DEBUG ActionDriver -  - Waiting for element to be clickable: By.xpath: //a[@class='top-nav-btn'][normalize-space()='Log In']
2026-01-29 17:05:12.965 [main] INFO  ActionDriver -  - Clicking element: By.xpath: //a[@class='top-nav-btn'][normalize-space()='Log In']
2026-01-29 17:05:12.965 [main] DEBUG ActionDriver -  - Waiting for element to be clickable: By.xpath: //a[@class='top-nav-btn'][normalize-space()='Log In']
2026-01-29 17:05:16.097 [main] INFO  LandingPage -  - Click on log in page from landing page
2026-01-29 17:05:16.097 [main] INFO  LoginPage -  - Adding Username and Password ellen.triage@yopmail.com Admin@111
2026-01-29 17:05:16.097 [main] INFO  ActionDriver -  - Entering text into By.id: email
2026-01-29 17:05:16.097 [main] DEBUG ActionDriver -  - Waiting for visibility of: By.id: email
2026-01-29 17:05:16.269 [main] INFO  ActionDriver -  - Entering text into By.id: password
2026-01-29 17:05:16.269 [main] DEBUG ActionDriver -  - Waiting for visibility of: By.id: password
2026-01-29 17:05:16.383 [main] INFO  ActionDriver -  - Clicking element: By.xpath: //button[@id='FinalCommonLoginBtn']
2026-01-29 17:05:16.383 [main] DEBUG ActionDriver -  - Waiting for element to be clickable: By.xpath: //button[@id='FinalCommonLoginBtn']
2026-01-29 17:05:16.469 [main] INFO  LoginPage -  - Clicking  on login button ......
2026-01-29 17:05:16.469 [main] DEBUG ActionDriver -  - Waiting for visibility of: By.xpath: //a[contains(@href,'manage-team')]
2026-01-29 17:05:36.838 [main] ERROR ActionDriver -  - Locator not visible: By.xpath: //a[contains(@href,'manage-team')]
2026-01-29 17:05:36.852 [main] DEBUG BaseTest -  - @AfterMethod optional cleanup for thread: main
2026-01-29 17:05:36.852 [main] DEBUG BaseTest -  - Skipping logout because login was skipped for this test
2026-01-29 17:05:36.852 [main] INFO  DriverFactory -  - Quitting WebDriver for thread: main
2026-01-29 17:05:37.187 [main] DEBUG DriverFactory -  - WebDriver removed from ThreadLocal for thread: main
2026-01-29 17:05:37.187 [main] INFO  BaseTest -  - WebDriver quit and ThreadLocal cleared
2026-01-29 17:05:37.190 [main] INFO  BaseTest -  - ===== Starting Test Setup on thread: main =====
2026-01-29 17:05:37.190 [main] INFO  BaseTest -  - No TestNG browser parameter provided. Falling back to config: chrome
2026-01-29 17:05:37.190 [main] INFO  DriverFactory -  - Initiating driver on for browser chrome on threadmain
2026-01-29 17:05:38.143 [main] INFO  DriverManager -  - Chrome Driver Instance Is Created
2026-01-29 17:05:38.143 [main] DEBUG DriverManager -  - Driver instance created successfully: ChromeDriver: chrome on windows (4db65f330044a01d698c32b1104d1f0d)
2026-01-29 17:05:38.143 [main] DEBUG DriverFactory -  - WebDriver instance set in ThreadLocal for thread: main
2026-01-29 17:05:38.143 [main] DEBUG BaseTest -  - WebDriver initialized successfully
2026-01-29 17:05:38.143 [main] DEBUG ActionDriver -  - ActionDriver initialized with explicitWait=20 seconds
2026-01-29 17:05:38.143 [main] DEBUG BaseTest -  - ActionDriver initialized
2026-01-29 17:05:38.143 [main] INFO  BaseTest -  - Configuring Browser Settings...
2026-01-29 17:05:38.143 [main] DEBUG BaseTest -  - Setting implicit wait to 2 seconds
2026-01-29 17:05:38.146 [main] INFO  BaseTest -  - Maximizing browser window
2026-01-29 17:05:42.846 [main] INFO  BaseTest -  - Navigating to URL: https://uat.carecoordinations.com/
2026-01-29 17:05:42.846 [main] INFO  BaseTest -  - Skip for logged for method verifyMangeTeamForAllUserRole
2026-01-29 17:05:42.846 [main] INFO  BaseTest -  - === @BeforeMethod completed ===
2026-01-29 17:05:42.860 [main] DEBUG ActionDriver -  - Waiting for element to be clickable: By.xpath: //a[@class='top-nav-btn'][normalize-space()='Log In']
2026-01-29 17:05:42.992 [main] INFO  ActionDriver -  - Clicking element: By.xpath: //a[@class='top-nav-btn'][normalize-space()='Log In']
2026-01-29 17:05:42.992 [main] DEBUG ActionDriver -  - Waiting for element to be clickable: By.xpath: //a[@class='top-nav-btn'][normalize-space()='Log In']
2026-01-29 17:57:26.547 [main] INFO  Utils -  - [TestNG] Running:
  C:\Users\DREAMWORLD\AppData\Local\JetBrains\IdeaIC2025.2\temp-testng-customsuite.xml

2026-01-29 17:57:26.705 [main] INFO  BaseTest -  - ===== Starting Test Setup on thread: main =====
2026-01-29 17:57:26.713 [main] INFO  BaseTest -  - No TestNG browser parameter provided. Falling back to config: chrome
2026-01-29 17:57:26.718 [main] INFO  DriverFactory -  - Initiating driver on for browser chrome on threadmain
2026-01-29 17:57:29.316 [main] INFO  DriverManager -  - Chrome Driver Instance Is Created
2026-01-29 17:57:29.316 [main] DEBUG DriverManager -  - Driver instance created successfully: ChromeDriver: chrome on windows (463b55a8862a4828d05610ba971192dd)
2026-01-29 17:57:29.317 [main] DEBUG DriverFactory -  - WebDriver instance set in ThreadLocal for thread: main
2026-01-29 17:57:29.317 [main] DEBUG BaseTest -  - WebDriver initialized successfully
2026-01-29 17:57:29.343 [main] DEBUG ActionDriver -  - ActionDriver initialized with explicitWait=20 seconds
2026-01-29 17:57:29.343 [main] DEBUG BaseTest -  - ActionDriver initialized
2026-01-29 17:57:29.343 [main] INFO  BaseTest -  - Configuring Browser Settings...
2026-01-29 17:57:29.343 [main] DEBUG BaseTest -  - Setting implicit wait to 2 seconds
2026-01-29 17:57:29.355 [main] INFO  BaseTest -  - Maximizing browser window
2026-01-29 17:57:34.113 [main] INFO  BaseTest -  - Navigating to URL: https://uat.carecoordinations.com/
2026-01-29 17:57:34.113 [main] INFO  BaseTest -  - Skip for logged for method verifyMangeTeamForAllUserRole
2026-01-29 17:57:34.113 [main] INFO  BaseTest -  - === @BeforeMethod completed ===
2026-01-29 17:57:34.128 [main] DEBUG ActionDriver -  - Waiting for element to be clickable: By.xpath: //a[@class='top-nav-btn'][normalize-space()='Log In']
2026-01-29 17:57:34.217 [main] INFO  ActionDriver -  - Clicking element: By.xpath: //a[@class='top-nav-btn'][normalize-space()='Log In']
2026-01-29 17:57:34.217 [main] DEBUG ActionDriver -  - Waiting for element to be clickable: By.xpath: //a[@class='top-nav-btn'][normalize-space()='Log In']
2026-01-29 17:57:37.484 [main] INFO  LandingPage -  - Click on log in page from landing page
2026-01-29 17:57:37.487 [main] INFO  LoginPage -  - Adding Username and Password max.admin@yopmail.com Admin@111
2026-01-29 17:57:37.490 [main] INFO  ActionDriver -  - Entering text into By.id: email
2026-01-29 17:57:37.490 [main] DEBUG ActionDriver -  - Waiting for visibility of: By.id: email
2026-01-29 17:57:37.685 [main] INFO  ActionDriver -  - Entering text into By.id: password
2026-01-29 17:57:37.685 [main] DEBUG ActionDriver -  - Waiting for visibility of: By.id: password
2026-01-29 17:57:37.861 [main] INFO  ActionDriver -  - Clicking element: By.xpath: //button[@id='FinalCommonLoginBtn']
2026-01-29 17:57:37.862 [main] DEBUG ActionDriver -  - Waiting for element to be clickable: By.xpath: //button[@id='FinalCommonLoginBtn']
2026-01-29 17:57:38.320 [main] INFO  LoginPage -  - Clicking  on login button ......
2026-01-29 17:57:38.320 [main] DEBUG ActionDriver -  - Waiting for visibility of: By.xpath: //a[contains(@href,'manage-team')]
2026-01-29 17:57:49.890 [main] DEBUG ActionDriver -  - Checking visibility for: By.xpath: //a[contains(@href,'manage-team')]
2026-01-29 17:57:49.890 [main] DEBUG ActionDriver -  - Waiting for visibility of: By.xpath: //a[contains(@href,'manage-team')]
2026-01-29 17:57:49.924 [main] INFO  HeaderPage -  - Manage team status for logged in user true
2026-01-29 17:57:49.940 [main] DEBUG BaseTest -  - @AfterMethod optional cleanup for thread: main
2026-01-29 17:57:49.945 [main] DEBUG BaseTest -  - Skipping logout because login was skipped for this test
2026-01-29 17:57:49.945 [main] INFO  DriverFactory -  - Quitting WebDriver for thread: main
2026-01-29 17:57:50.409 [main] DEBUG DriverFactory -  - WebDriver removed from ThreadLocal for thread: main
2026-01-29 17:57:50.409 [main] INFO  BaseTest -  - WebDriver quit and ThreadLocal cleared
2026-01-29 17:57:50.414 [main] INFO  BaseTest -  - ===== Starting Test Setup on thread: main =====
2026-01-29 17:57:50.414 [main] INFO  BaseTest -  - No TestNG browser parameter provided. Falling back to config: chrome
2026-01-29 17:57:50.414 [main] INFO  DriverFactory -  - Initiating driver on for browser chrome on threadmain
2026-01-29 17:57:51.625 [main] INFO  DriverManager -  - Chrome Driver Instance Is Created
2026-01-29 17:57:51.625 [main] DEBUG DriverManager -  - Driver instance created successfully: ChromeDriver: chrome on windows (e8084f349c0ddafe208391e9c647bdbf)
2026-01-29 17:57:51.625 [main] DEBUG DriverFactory -  - WebDriver instance set in ThreadLocal for thread: main
2026-01-29 17:57:51.625 [main] DEBUG BaseTest -  - WebDriver initialized successfully
2026-01-29 17:57:51.626 [main] DEBUG ActionDriver -  - ActionDriver initialized with explicitWait=20 seconds
2026-01-29 17:57:51.627 [main] DEBUG BaseTest -  - ActionDriver initialized
2026-01-29 17:57:51.627 [main] INFO  BaseTest -  - Configuring Browser Settings...
2026-01-29 17:57:51.627 [main] DEBUG BaseTest -  - Setting implicit wait to 2 seconds
2026-01-29 17:57:51.632 [main] INFO  BaseTest -  - Maximizing browser window
2026-01-29 17:57:56.030 [main] INFO  BaseTest -  - Navigating to URL: https://uat.carecoordinations.com/
2026-01-29 17:57:56.031 [main] INFO  BaseTest -  - Skip for logged for method verifyMangeTeamForAllUserRole
2026-01-29 17:57:56.031 [main] INFO  BaseTest -  - === @BeforeMethod completed ===
2026-01-29 17:57:56.032 [main] DEBUG ActionDriver -  - Waiting for element to be clickable: By.xpath: //a[@class='top-nav-btn'][normalize-space()='Log In']
2026-01-29 17:57:56.106 [main] INFO  ActionDriver -  - Clicking element: By.xpath: //a[@class='top-nav-btn'][normalize-space()='Log In']
2026-01-29 17:57:56.106 [main] DEBUG ActionDriver -  - Waiting for element to be clickable: By.xpath: //a[@class='top-nav-btn'][normalize-space()='Log In']
2026-01-29 17:57:59.765 [main] INFO  LandingPage -  - Click on log in page from landing page
2026-01-29 17:57:59.765 [main] INFO  LoginPage -  - Adding Username and Password ana.admin@yopmail.com Admin@123
2026-01-29 17:57:59.765 [main] INFO  ActionDriver -  - Entering text into By.id: email
2026-01-29 17:57:59.765 [main] DEBUG ActionDriver -  - Waiting for visibility of: By.id: email
2026-01-29 17:57:59.925 [main] INFO  ActionDriver -  - Entering text into By.id: password
2026-01-29 17:57:59.925 [main] DEBUG ActionDriver -  - Waiting for visibility of: By.id: password
2026-01-29 17:58:00.079 [main] INFO  ActionDriver -  - Clicking element: By.xpath: //button[@id='FinalCommonLoginBtn']
2026-01-29 17:58:00.080 [main] DEBUG ActionDriver -  - Waiting for element to be clickable: By.xpath: //button[@id='FinalCommonLoginBtn']
2026-01-29 17:58:00.199 [main] INFO  LoginPage -  - Clicking  on login button ......
2026-01-29 17:58:00.200 [main] DEBUG ActionDriver -  - Waiting for visibility of: By.xpath: //a[contains(@href,'manage-team')]
2026-01-29 17:58:08.226 [main] DEBUG ActionDriver -  - Checking visibility for: By.xpath: //a[contains(@href,'manage-team')]
2026-01-29 17:58:08.231 [main] DEBUG ActionDriver -  - Waiting for visibility of: By.xpath: //a[contains(@href,'manage-team')]
2026-01-29 17:58:08.313 [main] INFO  HeaderPage -  - Manage team status for logged in user true
2026-01-29 17:58:08.315 [main] DEBUG BaseTest -  - @AfterMethod optional cleanup for thread: main
2026-01-29 17:58:08.315 [main] DEBUG BaseTest -  - Skipping logout because login was skipped for this test
2026-01-29 17:58:08.315 [main] INFO  DriverFactory -  - Quitting WebDriver for thread: main
2026-01-29 17:58:08.825 [main] DEBUG DriverFactory -  - WebDriver removed from ThreadLocal for thread: main
2026-01-29 17:58:08.826 [main] INFO  BaseTest -  - WebDriver quit and ThreadLocal cleared
2026-01-29 17:58:08.829 [main] INFO  BaseTest -  - ===== Starting Test Setup on thread: main =====
2026-01-29 17:58:08.829 [main] INFO  BaseTest -  - No TestNG browser parameter provided. Falling back to config: chrome
2026-01-29 17:58:08.829 [main] INFO  DriverFactory -  - Initiating driver on for browser chrome on threadmain
2026-01-29 17:58:09.777 [main] INFO  DriverManager -  - Chrome Driver Instance Is Created
2026-01-29 17:58:09.777 [main] DEBUG DriverManager -  - Driver instance created successfully: ChromeDriver: chrome on windows (13ff33d37120bc30c0cbde3e0a47500a)
2026-01-29 17:58:09.777 [main] DEBUG DriverFactory -  - WebDriver instance set in ThreadLocal for thread: main
2026-01-29 17:58:09.777 [main] DEBUG BaseTest -  - WebDriver initialized successfully
2026-01-29 17:58:09.777 [main] DEBUG ActionDriver -  - ActionDriver initialized with explicitWait=20 seconds
2026-01-29 17:58:09.777 [main] DEBUG BaseTest -  - ActionDriver initialized
2026-01-29 17:58:09.777 [main] INFO  BaseTest -  - Configuring Browser Settings...
2026-01-29 17:58:09.777 [main] DEBUG BaseTest -  - Setting implicit wait to 2 seconds
2026-01-29 17:58:09.781 [main] INFO  BaseTest -  - Maximizing browser window
2026-01-29 17:58:11.094 [main] INFO  BaseTest -  - Navigating to URL: https://uat.carecoordinations.com/
2026-01-29 17:58:11.097 [main] INFO  BaseTest -  - Skip for logged for method verifyMangeTeamForAllUserRole
2026-01-29 17:58:11.097 [main] INFO  BaseTest -  - === @BeforeMethod completed ===
2026-01-29 17:58:11.104 [main] DEBUG ActionDriver -  - Waiting for element to be clickable: By.xpath: //a[@class='top-nav-btn'][normalize-space()='Log In']
2026-01-29 17:58:13.647 [main] INFO  ActionDriver -  - Clicking element: By.xpath: //a[@class='top-nav-btn'][normalize-space()='Log In']
2026-01-29 17:58:13.647 [main] DEBUG ActionDriver -  - Waiting for element to be clickable: By.xpath: //a[@class='top-nav-btn'][normalize-space()='Log In']
2026-01-29 17:58:16.694 [main] INFO  LandingPage -  - Click on log in page from landing page
2026-01-29 17:58:16.694 [main] INFO  LoginPage -  - Adding Username and Password joy.manager@yopmail.com Admin@111
2026-01-29 17:58:16.694 [main] INFO  ActionDriver -  - Entering text into By.id: email
2026-01-29 17:58:16.694 [main] DEBUG ActionDriver -  - Waiting for visibility of: By.id: email
2026-01-29 17:58:16.957 [main] INFO  ActionDriver -  - Entering text into By.id: password
2026-01-29 17:58:16.958 [main] DEBUG ActionDriver -  - Waiting for visibility of: By.id: password
2026-01-29 17:58:17.099 [main] INFO  ActionDriver -  - Clicking element: By.xpath: //button[@id='FinalCommonLoginBtn']
2026-01-29 17:58:17.099 [main] DEBUG ActionDriver -  - Waiting for element to be clickable: By.xpath: //button[@id='FinalCommonLoginBtn']
2026-01-29 17:58:17.227 [main] INFO  LoginPage -  - Clicking  on login button ......
2026-01-29 17:58:17.227 [main] DEBUG ActionDriver -  - Waiting for visibility of: By.xpath: //a[contains(@href,'manage-team')]
2026-01-29 17:58:26.506 [main] DEBUG ActionDriver -  - Checking visibility for: By.xpath: //a[contains(@href,'manage-team')]
2026-01-29 17:58:26.506 [main] DEBUG ActionDriver -  - Waiting for visibility of: By.xpath: //a[contains(@href,'manage-team')]
2026-01-29 17:58:26.545 [main] INFO  HeaderPage -  - Manage team status for logged in user true
2026-01-29 17:58:26.547 [main] DEBUG BaseTest -  - @AfterMethod optional cleanup for thread: main
2026-01-29 17:58:26.547 [main] DEBUG BaseTest -  - Skipping logout because login was skipped for this test
2026-01-29 17:58:26.547 [main] INFO  DriverFactory -  - Quitting WebDriver for thread: main
2026-01-29 17:58:27.193 [main] DEBUG DriverFactory -  - WebDriver removed from ThreadLocal for thread: main
2026-01-29 17:58:27.193 [main] INFO  BaseTest -  - WebDriver quit and ThreadLocal cleared
2026-01-29 17:58:27.195 [main] INFO  BaseTest -  - ===== Starting Test Setup on thread: main =====
2026-01-29 17:58:27.196 [main] INFO  BaseTest -  - No TestNG browser parameter provided. Falling back to config: chrome
2026-01-29 17:58:27.196 [main] INFO  DriverFactory -  - Initiating driver on for browser chrome on threadmain
2026-01-29 17:58:28.344 [main] INFO  DriverManager -  - Chrome Driver Instance Is Created
2026-01-29 17:58:28.344 [main] DEBUG DriverManager -  - Driver instance created successfully: ChromeDriver: chrome on windows (7d69f573b31016064cffc699a93022ad)
2026-01-29 17:58:28.344 [main] DEBUG DriverFactory -  - WebDriver instance set in ThreadLocal for thread: main
2026-01-29 17:58:28.344 [main] DEBUG BaseTest -  - WebDriver initialized successfully
2026-01-29 17:58:28.344 [main] DEBUG ActionDriver -  - ActionDriver initialized with explicitWait=20 seconds
2026-01-29 17:58:28.344 [main] DEBUG BaseTest -  - ActionDriver initialized
2026-01-29 17:58:28.344 [main] INFO  BaseTest -  - Configuring Browser Settings...
2026-01-29 17:58:28.344 [main] DEBUG BaseTest -  - Setting implicit wait to 2 seconds
2026-01-29 17:58:28.348 [main] INFO  BaseTest -  - Maximizing browser window
2026-01-29 17:58:31.711 [main] INFO  BaseTest -  - Navigating to URL: https://uat.carecoordinations.com/
2026-01-29 17:58:31.711 [main] INFO  BaseTest -  - Skip for logged for method verifyMangeTeamForAllUserRole
2026-01-29 17:58:31.712 [main] INFO  BaseTest -  - === @BeforeMethod completed ===
2026-01-29 17:58:31.713 [main] DEBUG ActionDriver -  - Waiting for element to be clickable: By.xpath: //a[@class='top-nav-btn'][normalize-space()='Log In']
2026-01-29 17:58:31.772 [main] INFO  ActionDriver -  - Clicking element: By.xpath: //a[@class='top-nav-btn'][normalize-space()='Log In']
2026-01-29 17:58:31.772 [main] DEBUG ActionDriver -  - Waiting for element to be clickable: By.xpath: //a[@class='top-nav-btn'][normalize-space()='Log In']
2026-01-29 17:58:34.792 [main] INFO  LandingPage -  - Click on log in page from landing page
2026-01-29 17:58:34.792 [main] INFO  LoginPage -  - Adding Username and Password Add.cstaff@yopmail.com Admin@123
2026-01-29 17:58:34.793 [main] INFO  ActionDriver -  - Entering text into By.id: email
2026-01-29 17:58:34.793 [main] DEBUG ActionDriver -  - Waiting for visibility of: By.id: email
2026-01-29 17:58:35.071 [main] INFO  ActionDriver -  - Entering text into By.id: password
2026-01-29 17:58:35.071 [main] DEBUG ActionDriver -  - Waiting for visibility of: By.id: password
2026-01-29 17:58:35.202 [main] INFO  ActionDriver -  - Clicking element: By.xpath: //button[@id='FinalCommonLoginBtn']
2026-01-29 17:58:35.202 [main] DEBUG ActionDriver -  - Waiting for element to be clickable: By.xpath: //button[@id='FinalCommonLoginBtn']
2026-01-29 17:58:35.296 [main] INFO  LoginPage -  - Clicking  on login button ......
2026-01-29 17:58:35.296 [main] DEBUG ActionDriver -  - Waiting for visibility of: By.xpath: //a[contains(@href,'manage-team')]
2026-01-29 17:58:57.694 [main] ERROR ActionDriver -  - Locator not visible: By.xpath: //a[contains(@href,'manage-team')]
2026-01-29 17:58:57.699 [main] DEBUG BaseTest -  - @AfterMethod optional cleanup for thread: main
2026-01-29 17:58:57.699 [main] DEBUG BaseTest -  - Skipping logout because login was skipped for this test
2026-01-29 17:58:57.699 [main] INFO  DriverFactory -  - Quitting WebDriver for thread: main
2026-01-29 17:58:59.832 [main] DEBUG DriverFactory -  - WebDriver removed from ThreadLocal for thread: main
2026-01-29 17:58:59.832 [main] INFO  BaseTest -  - WebDriver quit and ThreadLocal cleared
2026-01-29 17:58:59.849 [main] INFO  BaseTest -  - ===== Starting Test Setup on thread: main =====
2026-01-29 17:58:59.849 [main] INFO  BaseTest -  - No TestNG browser parameter provided. Falling back to config: chrome
2026-01-29 17:58:59.851 [main] INFO  DriverFactory -  - Initiating driver on for browser chrome on threadmain
2026-01-29 17:59:00.905 [main] INFO  DriverManager -  - Chrome Driver Instance Is Created
2026-01-29 17:59:00.906 [main] DEBUG DriverManager -  - Driver instance created successfully: ChromeDriver: chrome on windows (44d60c5611c40b8bb250e1ab94d02b2c)
2026-01-29 17:59:00.906 [main] DEBUG DriverFactory -  - WebDriver instance set in ThreadLocal for thread: main
2026-01-29 17:59:00.906 [main] DEBUG BaseTest -  - WebDriver initialized successfully
2026-01-29 17:59:00.906 [main] DEBUG ActionDriver -  - ActionDriver initialized with explicitWait=20 seconds
2026-01-29 17:59:00.906 [main] DEBUG BaseTest -  - ActionDriver initialized
2026-01-29 17:59:00.906 [main] INFO  BaseTest -  - Configuring Browser Settings...
2026-01-29 17:59:00.906 [main] DEBUG BaseTest -  - Setting implicit wait to 2 seconds
2026-01-29 17:59:00.912 [main] INFO  BaseTest -  - Maximizing browser window
2026-01-29 17:59:05.440 [main] INFO  BaseTest -  - Navigating to URL: https://uat.carecoordinations.com/
2026-01-29 17:59:05.440 [main] INFO  BaseTest -  - Skip for logged for method verifyMangeTeamForAllUserRole
2026-01-29 17:59:05.441 [main] INFO  BaseTest -  - === @BeforeMethod completed ===
2026-01-29 17:59:05.442 [main] DEBUG ActionDriver -  - Waiting for element to be clickable: By.xpath: //a[@class='top-nav-btn'][normalize-space()='Log In']
2026-01-29 17:59:05.798 [main] INFO  ActionDriver -  - Clicking element: By.xpath: //a[@class='top-nav-btn'][normalize-space()='Log In']
2026-01-29 17:59:05.799 [main] DEBUG ActionDriver -  - Waiting for element to be clickable: By.xpath: //a[@class='top-nav-btn'][normalize-space()='Log In']
2026-01-29 17:59:09.274 [main] INFO  LandingPage -  - Click on log in page from landing page
2026-01-29 17:59:09.274 [main] INFO  LoginPage -  - Adding Username and Password ishan_staff@yopmail.com Admin@111
2026-01-29 17:59:09.274 [main] INFO  ActionDriver -  - Entering text into By.id: email
2026-01-29 17:59:09.274 [main] DEBUG ActionDriver -  - Waiting for visibility of: By.id: email
2026-01-29 17:59:09.536 [main] INFO  ActionDriver -  - Entering text into By.id: password
2026-01-29 17:59:09.536 [main] DEBUG ActionDriver -  - Waiting for visibility of: By.id: password
2026-01-29 17:59:09.642 [main] INFO  ActionDriver -  - Clicking element: By.xpath: //button[@id='FinalCommonLoginBtn']
2026-01-29 17:59:09.642 [main] DEBUG ActionDriver -  - Waiting for element to be clickable: By.xpath: //button[@id='FinalCommonLoginBtn']
2026-01-29 17:59:09.747 [main] INFO  LoginPage -  - Clicking  on login button ......
2026-01-29 17:59:09.748 [main] DEBUG ActionDriver -  - Waiting for visibility of: By.xpath: //a[contains(@href,'manage-team')]
2026-01-29 17:59:29.899 [main] ERROR ActionDriver -  - Locator not visible: By.xpath: //a[contains(@href,'manage-team')]
2026-01-29 17:59:29.901 [main] DEBUG BaseTest -  - @AfterMethod optional cleanup for thread: main
2026-01-29 17:59:29.902 [main] DEBUG BaseTest -  - Skipping logout because login was skipped for this test
2026-01-29 17:59:29.902 [main] INFO  DriverFactory -  - Quitting WebDriver for thread: main
2026-01-29 17:59:30.238 [main] DEBUG DriverFactory -  - WebDriver removed from ThreadLocal for thread: main
2026-01-29 17:59:30.242 [main] INFO  BaseTest -  - WebDriver quit and ThreadLocal cleared
2026-01-29 17:59:30.245 [main] INFO  BaseTest -  - ===== Starting Test Setup on thread: main =====
2026-01-29 17:59:30.245 [main] INFO  BaseTest -  - No TestNG browser parameter provided. Falling back to config: chrome
2026-01-29 17:59:30.245 [main] INFO  DriverFactory -  - Initiating driver on for browser chrome on threadmain
2026-01-29 17:59:31.649 [main] INFO  DriverManager -  - Chrome Driver Instance Is Created
2026-01-29 17:59:31.649 [main] DEBUG DriverManager -  - Driver instance created successfully: ChromeDriver: chrome on windows (760794f7bacd91485b36176ba314d468)
2026-01-29 17:59:31.650 [main] DEBUG DriverFactory -  - WebDriver instance set in ThreadLocal for thread: main
2026-01-29 17:59:31.650 [main] DEBUG BaseTest -  - WebDriver initialized successfully
2026-01-29 17:59:31.650 [main] DEBUG ActionDriver -  - ActionDriver initialized with explicitWait=20 seconds
2026-01-29 17:59:31.650 [main] DEBUG BaseTest -  - ActionDriver initialized
2026-01-29 17:59:31.650 [main] INFO  BaseTest -  - Configuring Browser Settings...
2026-01-29 17:59:31.652 [main] DEBUG BaseTest -  - Setting implicit wait to 2 seconds
2026-01-29 17:59:31.685 [main] INFO  BaseTest -  - Maximizing browser window
2026-01-29 18:17:43.583 [main] INFO  Utils -  - [TestNG] Running:
  C:\Users\DREAMWORLD\AppData\Local\JetBrains\IdeaIC2025.2\temp-testng-customsuite.xml

2026-01-29 18:17:43.746 [main] INFO  BaseTest -  - ===== Starting Test Setup on thread: main =====
2026-01-29 18:17:43.757 [main] INFO  BaseTest -  - No TestNG browser parameter provided. Falling back to config: chrome
2026-01-29 18:17:43.761 [main] INFO  DriverFactory -  - Initiating driver on for browser chrome on threadmain
2026-01-29 18:17:47.493 [main] INFO  DriverManager -  - Chrome Driver Instance Is Created
2026-01-29 18:17:47.493 [main] DEBUG DriverManager -  - Driver instance created successfully: ChromeDriver: chrome on windows (41ac11cb04bf26c5c9136ed36785cffc)
2026-01-29 18:17:47.494 [main] DEBUG DriverFactory -  - WebDriver instance set in ThreadLocal for thread: main
2026-01-29 18:17:47.494 [main] DEBUG BaseTest -  - WebDriver initialized successfully
2026-01-29 18:17:47.501 [main] DEBUG ActionDriver -  - ActionDriver initialized with explicitWait=20 seconds
2026-01-29 18:17:47.501 [main] DEBUG BaseTest -  - ActionDriver initialized
2026-01-29 18:17:47.501 [main] INFO  BaseTest -  - Configuring Browser Settings...
2026-01-29 18:17:47.501 [main] DEBUG BaseTest -  - Setting implicit wait to 2 seconds
2026-01-29 18:17:47.507 [main] INFO  BaseTest -  - Maximizing browser window
2026-01-29 18:17:54.409 [main] INFO  BaseTest -  - Navigating to URL: https://uat.carecoordinations.com/
2026-01-29 18:17:54.410 [main] INFO  BaseTest -  - Skip for logged for method verifyMangeTeamForAllUserRole
2026-01-29 18:17:54.410 [main] INFO  BaseTest -  - === @BeforeMethod completed ===
2026-01-29 18:17:54.427 [main] DEBUG ActionDriver -  - Waiting for element to be clickable: By.xpath: //a[@class='top-nav-btn'][normalize-space()='Log In']
2026-01-29 18:17:54.558 [main] INFO  ActionDriver -  - Clicking element: By.xpath: //a[@class='top-nav-btn'][normalize-space()='Log In']
2026-01-29 18:17:54.558 [main] DEBUG ActionDriver -  - Waiting for element to be clickable: By.xpath: //a[@class='top-nav-btn'][normalize-space()='Log In']
2026-01-29 18:17:58.368 [main] INFO  LandingPage -  - Click on log in page from landing page
2026-01-29 18:17:58.368 [main] INFO  LoginPage -  - Adding Username and Password max.admin@yopmail.com Admin@111
2026-01-29 18:17:58.368 [main] INFO  ActionDriver -  - Entering text into By.id: email
2026-01-29 18:17:58.368 [main] DEBUG ActionDriver -  - Waiting for visibility of: By.id: email
2026-01-29 18:17:58.742 [main] INFO  ActionDriver -  - Entering text into By.id: password
2026-01-29 18:17:58.742 [main] DEBUG ActionDriver -  - Waiting for visibility of: By.id: password
2026-01-29 18:17:58.907 [main] INFO  ActionDriver -  - Clicking element: By.xpath: //button[@id='FinalCommonLoginBtn']
2026-01-29 18:17:58.907 [main] DEBUG ActionDriver -  - Waiting for element to be clickable: By.xpath: //button[@id='FinalCommonLoginBtn']
2026-01-29 18:17:59.027 [main] INFO  LoginPage -  - Clicking  on login button ......
2026-01-29 18:18:08.988 [main] DEBUG ActionDriver -  - Checking visibility for: By.xpath: //a[contains(@href,'manage-team')]
2026-01-29 18:18:08.988 [main] DEBUG ActionDriver -  - Waiting for visibility of: By.xpath: //a[contains(@href,'manage-team')]
2026-01-29 18:18:09.144 [main] INFO  HeaderPage -  - Manage team status for logged in user true
2026-01-29 18:18:09.170 [main] DEBUG BaseTest -  - @AfterMethod optional cleanup for thread: main
2026-01-29 18:18:09.170 [main] DEBUG BaseTest -  - Skipping logout because login was skipped for this test
2026-01-29 18:18:09.170 [main] INFO  DriverFactory -  - Quitting WebDriver for thread: main
2026-01-29 18:18:09.885 [main] DEBUG DriverFactory -  - WebDriver removed from ThreadLocal for thread: main
2026-01-29 18:18:09.887 [main] INFO  BaseTest -  - WebDriver quit and ThreadLocal cleared
2026-01-29 18:18:09.888 [main] INFO  BaseTest -  - ===== Starting Test Setup on thread: main =====
2026-01-29 18:18:09.888 [main] INFO  BaseTest -  - No TestNG browser parameter provided. Falling back to config: chrome
2026-01-29 18:18:09.888 [main] INFO  DriverFactory -  - Initiating driver on for browser chrome on threadmain
2026-01-29 18:18:11.373 [main] INFO  DriverManager -  - Chrome Driver Instance Is Created
2026-01-29 18:18:11.373 [main] DEBUG DriverManager -  - Driver instance created successfully: ChromeDriver: chrome on windows (1173b614531aabffb1da4df97b2189c5)
2026-01-29 18:18:11.374 [main] DEBUG DriverFactory -  - WebDriver instance set in ThreadLocal for thread: main
2026-01-29 18:18:11.374 [main] DEBUG BaseTest -  - WebDriver initialized successfully
2026-01-29 18:18:11.374 [main] DEBUG ActionDriver -  - ActionDriver initialized with explicitWait=20 seconds
2026-01-29 18:18:11.374 [main] DEBUG BaseTest -  - ActionDriver initialized
2026-01-29 18:18:11.375 [main] INFO  BaseTest -  - Configuring Browser Settings...
2026-01-29 18:18:11.375 [main] DEBUG BaseTest -  - Setting implicit wait to 2 seconds
2026-01-29 18:18:11.383 [main] INFO  BaseTest -  - Maximizing browser window
2026-01-29 18:18:15.106 [main] INFO  BaseTest -  - Navigating to URL: https://uat.carecoordinations.com/
2026-01-29 18:18:15.106 [main] INFO  BaseTest -  - Skip for logged for method verifyMangeTeamForAllUserRole
2026-01-29 18:18:15.106 [main] INFO  BaseTest -  - === @BeforeMethod completed ===
2026-01-29 18:18:15.108 [main] DEBUG ActionDriver -  - Waiting for element to be clickable: By.xpath: //a[@class='top-nav-btn'][normalize-space()='Log In']
2026-01-29 18:18:15.166 [main] INFO  ActionDriver -  - Clicking element: By.xpath: //a[@class='top-nav-btn'][normalize-space()='Log In']
2026-01-29 18:18:15.166 [main] DEBUG ActionDriver -  - Waiting for element to be clickable: By.xpath: //a[@class='top-nav-btn'][normalize-space()='Log In']
2026-01-29 18:18:18.642 [main] INFO  LandingPage -  - Click on log in page from landing page
2026-01-29 18:18:18.642 [main] INFO  LoginPage -  - Adding Username and Password ana.admin@yopmail.com Admin@123
2026-01-29 18:18:18.642 [main] INFO  ActionDriver -  - Entering text into By.id: email
2026-01-29 18:18:18.642 [main] DEBUG ActionDriver -  - Waiting for visibility of: By.id: email
2026-01-29 18:18:18.870 [main] INFO  ActionDriver -  - Entering text into By.id: password
2026-01-29 18:18:18.870 [main] DEBUG ActionDriver -  - Waiting for visibility of: By.id: password
2026-01-29 18:18:19.168 [main] INFO  ActionDriver -  - Clicking element: By.xpath: //button[@id='FinalCommonLoginBtn']
2026-01-29 18:18:19.168 [main] DEBUG ActionDriver -  - Waiting for element to be clickable: By.xpath: //button[@id='FinalCommonLoginBtn']
2026-01-29 18:18:19.541 [main] INFO  LoginPage -  - Clicking  on login button ......
2026-01-29 18:18:28.473 [main] DEBUG ActionDriver -  - Checking visibility for: By.xpath: //a[contains(@href,'manage-team')]
2026-01-29 18:18:28.474 [main] DEBUG ActionDriver -  - Waiting for visibility of: By.xpath: //a[contains(@href,'manage-team')]
2026-01-29 18:18:28.621 [main] INFO  HeaderPage -  - Manage team status for logged in user true
2026-01-29 18:18:28.623 [main] DEBUG BaseTest -  - @AfterMethod optional cleanup for thread: main
2026-01-29 18:18:28.624 [main] DEBUG BaseTest -  - Skipping logout because login was skipped for this test
2026-01-29 18:18:28.624 [main] INFO  DriverFactory -  - Quitting WebDriver for thread: main
2026-01-29 18:18:29.145 [main] DEBUG DriverFactory -  - WebDriver removed from ThreadLocal for thread: main
2026-01-29 18:18:29.145 [main] INFO  BaseTest -  - WebDriver quit and ThreadLocal cleared
2026-01-29 18:18:29.145 [main] INFO  BaseTest -  - ===== Starting Test Setup on thread: main =====
2026-01-29 18:18:29.145 [main] INFO  BaseTest -  - No TestNG browser parameter provided. Falling back to config: chrome
2026-01-29 18:18:29.145 [main] INFO  DriverFactory -  - Initiating driver on for browser chrome on threadmain
2026-01-29 18:18:30.663 [main] INFO  DriverManager -  - Chrome Driver Instance Is Created
2026-01-29 18:18:30.664 [main] DEBUG DriverManager -  - Driver instance created successfully: ChromeDriver: chrome on windows (cf55d51d8685e5f95755f09df0bc8c41)
2026-01-29 18:18:30.664 [main] DEBUG DriverFactory -  - WebDriver instance set in ThreadLocal for thread: main
2026-01-29 18:18:30.664 [main] DEBUG BaseTest -  - WebDriver initialized successfully
2026-01-29 18:18:30.664 [main] DEBUG ActionDriver -  - ActionDriver initialized with explicitWait=20 seconds
2026-01-29 18:18:30.664 [main] DEBUG BaseTest -  - ActionDriver initialized
2026-01-29 18:18:30.664 [main] INFO  BaseTest -  - Configuring Browser Settings...
2026-01-29 18:18:30.664 [main] DEBUG BaseTest -  - Setting implicit wait to 2 seconds
2026-01-29 18:18:30.668 [main] INFO  BaseTest -  - Maximizing browser window
2026-01-29 18:18:35.202 [main] INFO  BaseTest -  - Navigating to URL: https://uat.carecoordinations.com/
2026-01-29 18:18:35.202 [main] INFO  BaseTest -  - Skip for logged for method verifyMangeTeamForAllUserRole
2026-01-29 18:18:35.202 [main] INFO  BaseTest -  - === @BeforeMethod completed ===
2026-01-29 18:18:35.202 [main] DEBUG ActionDriver -  - Waiting for element to be clickable: By.xpath: //a[@class='top-nav-btn'][normalize-space()='Log In']
2026-01-29 18:18:35.256 [main] INFO  ActionDriver -  - Clicking element: By.xpath: //a[@class='top-nav-btn'][normalize-space()='Log In']
2026-01-29 18:18:35.256 [main] DEBUG ActionDriver -  - Waiting for element to be clickable: By.xpath: //a[@class='top-nav-btn'][normalize-space()='Log In']
2026-01-29 18:18:39.002 [main] INFO  LandingPage -  - Click on log in page from landing page
2026-01-29 18:18:39.003 [main] INFO  LoginPage -  - Adding Username and Password joy.manager@yopmail.com Admin@111
2026-01-29 18:18:39.003 [main] INFO  ActionDriver -  - Entering text into By.id: email
2026-01-29 18:18:39.003 [main] DEBUG ActionDriver -  - Waiting for visibility of: By.id: email
2026-01-29 18:18:39.403 [main] INFO  ActionDriver -  - Entering text into By.id: password
2026-01-29 18:18:39.403 [main] DEBUG ActionDriver -  - Waiting for visibility of: By.id: password
2026-01-29 18:18:39.548 [main] INFO  ActionDriver -  - Clicking element: By.xpath: //button[@id='FinalCommonLoginBtn']
2026-01-29 18:18:39.548 [main] DEBUG ActionDriver -  - Waiting for element to be clickable: By.xpath: //button[@id='FinalCommonLoginBtn']
2026-01-29 18:18:39.701 [main] INFO  LoginPage -  - Clicking  on login button ......
2026-01-29 18:18:47.321 [main] DEBUG ActionDriver -  - Checking visibility for: By.xpath: //a[contains(@href,'manage-team')]
2026-01-29 18:18:47.321 [main] DEBUG ActionDriver -  - Waiting for visibility of: By.xpath: //a[contains(@href,'manage-team')]
2026-01-29 18:18:47.415 [main] INFO  HeaderPage -  - Manage team status for logged in user true
2026-01-29 18:18:47.417 [main] DEBUG BaseTest -  - @AfterMethod optional cleanup for thread: main
2026-01-29 18:18:47.417 [main] DEBUG BaseTest -  - Skipping logout because login was skipped for this test
2026-01-29 18:18:47.417 [main] INFO  DriverFactory -  - Quitting WebDriver for thread: main
2026-01-29 18:18:47.768 [main] DEBUG DriverFactory -  - WebDriver removed from ThreadLocal for thread: main
2026-01-29 18:18:47.769 [main] INFO  BaseTest -  - WebDriver quit and ThreadLocal cleared
2026-01-29 18:18:47.772 [main] INFO  BaseTest -  - ===== Starting Test Setup on thread: main =====
2026-01-29 18:18:47.772 [main] INFO  BaseTest -  - No TestNG browser parameter provided. Falling back to config: chrome
2026-01-29 18:18:47.772 [main] INFO  DriverFactory -  - Initiating driver on for browser chrome on threadmain
2026-01-29 18:18:49.151 [main] INFO  DriverManager -  - Chrome Driver Instance Is Created
2026-01-29 18:18:49.151 [main] DEBUG DriverManager -  - Driver instance created successfully: ChromeDriver: chrome on windows (a488924c5e891f7761269e3ed010bcd9)
2026-01-29 18:18:49.151 [main] DEBUG DriverFactory -  - WebDriver instance set in ThreadLocal for thread: main
2026-01-29 18:18:49.151 [main] DEBUG BaseTest -  - WebDriver initialized successfully
2026-01-29 18:18:49.152 [main] DEBUG ActionDriver -  - ActionDriver initialized with explicitWait=20 seconds
2026-01-29 18:18:49.152 [main] DEBUG BaseTest -  - ActionDriver initialized
2026-01-29 18:18:49.152 [main] INFO  BaseTest -  - Configuring Browser Settings...
2026-01-29 18:18:49.152 [main] DEBUG BaseTest -  - Setting implicit wait to 2 seconds
2026-01-29 18:18:49.156 [main] INFO  BaseTest -  - Maximizing browser window
2026-01-29 18:18:53.070 [main] INFO  BaseTest -  - Navigating to URL: https://uat.carecoordinations.com/
2026-01-29 18:18:53.070 [main] INFO  BaseTest -  - Skip for logged for method verifyMangeTeamForAllUserRole
2026-01-29 18:18:53.070 [main] INFO  BaseTest -  - === @BeforeMethod completed ===
2026-01-29 18:18:53.073 [main] DEBUG ActionDriver -  - Waiting for element to be clickable: By.xpath: //a[@class='top-nav-btn'][normalize-space()='Log In']
2026-01-29 18:18:53.190 [main] INFO  ActionDriver -  - Clicking element: By.xpath: //a[@class='top-nav-btn'][normalize-space()='Log In']
2026-01-29 18:18:53.190 [main] DEBUG ActionDriver -  - Waiting for element to be clickable: By.xpath: //a[@class='top-nav-btn'][normalize-space()='Log In']
2026-01-29 18:18:57.365 [main] INFO  LandingPage -  - Click on log in page from landing page
2026-01-29 18:18:57.365 [main] INFO  LoginPage -  - Adding Username and Password Add.cstaff@yopmail.com Admin@123
2026-01-29 18:18:57.366 [main] INFO  ActionDriver -  - Entering text into By.id: email
2026-01-29 18:18:57.366 [main] DEBUG ActionDriver -  - Waiting for visibility of: By.id: email
2026-01-29 18:18:57.645 [main] INFO  ActionDriver -  - Entering text into By.id: password
2026-01-29 18:18:57.645 [main] DEBUG ActionDriver -  - Waiting for visibility of: By.id: password
2026-01-29 18:18:57.761 [main] INFO  ActionDriver -  - Clicking element: By.xpath: //button[@id='FinalCommonLoginBtn']
2026-01-29 18:18:57.762 [main] DEBUG ActionDriver -  - Waiting for element to be clickable: By.xpath: //button[@id='FinalCommonLoginBtn']
2026-01-29 18:18:57.859 [main] INFO  LoginPage -  - Clicking  on login button ......
2026-01-29 18:19:06.268 [main] DEBUG ActionDriver -  - Checking visibility for: By.xpath: //a[contains(@href,'manage-team')]
2026-01-29 18:19:06.268 [main] DEBUG ActionDriver -  - Waiting for visibility of: By.xpath: //a[contains(@href,'manage-team')]
2026-01-29 18:19:26.272 [main] ERROR ActionDriver -  - Locator not visible: By.xpath: //a[contains(@href,'manage-team')]
2026-01-29 18:19:26.280 [main] WARN  ActionDriver -  - Unexpected error while checking visibility for: By.xpath: //a[contains(@href,'manage-team')]
java.lang.RuntimeException: Element is not visibleBy.xpath: //a[contains(@href,'manage-team')]
	at com.carecoordination.healthcare.actiondriver.ActionDriver.waitForElementToVisible(ActionDriver.java:70)
	at com.carecoordination.healthcare.actiondriver.ActionDriver.isDisplayed(ActionDriver.java:220)
	at com.carecoordination.healthcare.pages.modules.AppDashBoard.HeaderPage.isManageTeamDisplayed(HeaderPage.java:23)
	at com.carecoordination.healthcare.testpages.HeaderAssertion.verifyMangeTeamForAllUserRole(HeaderAssertion.java:59)
	at java.base/jdk.internal.reflect.NativeMethodAccessorImpl.invoke0(Native Method)
	at java.base/jdk.internal.reflect.NativeMethodAccessorImpl.invoke(NativeMethodAccessorImpl.java:77)
	at java.base/jdk.internal.reflect.DelegatingMethodAccessorImpl.invoke(DelegatingMethodAccessorImpl.java:43)
	at java.base/java.lang.reflect.Method.invoke(Method.java:569)
	at org.testng.internal.invokers.MethodInvocationHelper.invokeMethod(MethodInvocationHelper.java:141)
	at org.testng.internal.invokers.TestInvoker.invokeMethod(TestInvoker.java:687)
	at org.testng.internal.invokers.TestInvoker.invokeTestMethod(TestInvoker.java:230)
	at org.testng.internal.invokers.MethodRunner.runInSequence(MethodRunner.java:63)
	at org.testng.internal.invokers.TestInvoker$MethodInvocationAgent.invoke(TestInvoker.java:995)
	at org.testng.internal.invokers.TestInvoker.invokeTestMethods(TestInvoker.java:203)
	at org.testng.internal.invokers.TestMethodWorker.invokeTestMethods(TestMethodWorker.java:154)
	at org.testng.internal.invokers.TestMethodWorker.run(TestMethodWorker.java:134)
	at java.base/java.util.ArrayList.forEach(ArrayList.java:1511)
	at org.testng.TestRunner.privateRun(TestRunner.java:741)
	at org.testng.TestRunner.run(TestRunner.java:616)
	at org.testng.SuiteRunner.runTest(SuiteRunner.java:421)
	at org.testng.SuiteRunner.runSequentially(SuiteRunner.java:413)
	at org.testng.SuiteRunner.privateRun(SuiteRunner.java:373)
	at org.testng.SuiteRunner.run(SuiteRunner.java:312)
	at org.testng.SuiteRunnerWorker.runSuite(SuiteRunnerWorker.java:52)
	at org.testng.SuiteRunnerWorker.run(SuiteRunnerWorker.java:95)
	at org.testng.TestNG.runSuitesSequentially(TestNG.java:1274)
	at org.testng.TestNG.runSuitesLocally(TestNG.java:1208)
	at org.testng.TestNG.runSuites(TestNG.java:1112)
	at org.testng.TestNG.run(TestNG.java:1079)
	at com.intellij.rt.testng.IDEARemoteTestNG.run(IDEARemoteTestNG.java:65)
	at com.intellij.rt.testng.RemoteTestNGStarter.main(RemoteTestNGStarter.java:105)
Caused by: org.openqa.selenium.TimeoutException: Expected condition failed: waiting for visibility of element located by By.xpath: //a[contains(@href,'manage-team')] (tried for 20 second(s) with 500 milliseconds interval)
Build info: version: '4.38.0', revision: '6b412e825c*'
System info: os.name: 'Windows 10', os.arch: 'amd64', os.version: '10.0', java.version: '17.0.17'
Driver info: org.openqa.selenium.chrome.ChromeDriver
Capabilities {acceptInsecureCerts: false, browserName: chrome, browserVersion: 142.0.7444.176, chrome: {chromedriverVersion: 142.0.7444.175 (302067f14a4..., userDataDir: C:\Users\DREAMW~1\AppData\L...}, fedcm:accounts: true, goog:chromeOptions: {debuggerAddress: localhost:54140}, goog:processID: 25392, networkConnectionEnabled: false, pageLoadStrategy: normal, platformName: windows, proxy: Proxy(), se:cdp: ws://localhost:54140/devtoo..., se:cdpVersion: 142.0.7444.176, setWindowRect: true, strictFileInteractability: false, timeouts: {implicit: 0, pageLoad: 300000, script: 30000}, unhandledPromptBehavior: dismiss and notify, webauthn:extension:credBlob: true, webauthn:extension:largeBlob: true, webauthn:extension:minPinLength: true, webauthn:extension:prf: true, webauthn:virtualAuthenticators: true}
Session ID: a488924c5e891f7761269e3ed010bcd9
	at org.openqa.selenium.support.ui.WebDriverWait.timeoutException(WebDriverWait.java:84)
	at org.openqa.selenium.support.ui.FluentWait.until(FluentWait.java:228)
	at com.carecoordination.healthcare.actiondriver.ActionDriver.waitForElementToVisible(ActionDriver.java:67)
	... 30 more
2026-01-29 18:19:26.280 [main] INFO  HeaderPage -  - Manage team status for logged in user false
2026-01-29 18:19:26.284 [main] DEBUG BaseTest -  - @AfterMethod optional cleanup for thread: main
2026-01-29 18:19:26.284 [main] DEBUG BaseTest -  - Skipping logout because login was skipped for this test
2026-01-29 18:19:26.284 [main] INFO  DriverFactory -  - Quitting WebDriver for thread: main
2026-01-29 18:19:26.684 [main] DEBUG DriverFactory -  - WebDriver removed from ThreadLocal for thread: main
2026-01-29 18:19:26.684 [main] INFO  BaseTest -  - WebDriver quit and ThreadLocal cleared
2026-01-29 18:19:26.689 [main] INFO  BaseTest -  - ===== Starting Test Setup on thread: main =====
2026-01-29 18:19:26.689 [main] INFO  BaseTest -  - No TestNG browser parameter provided. Falling back to config: chrome
2026-01-29 18:19:26.692 [main] INFO  DriverFactory -  - Initiating driver on for browser chrome on threadmain
2026-01-29 18:19:27.902 [main] INFO  DriverManager -  - Chrome Driver Instance Is Created
2026-01-29 18:19:27.902 [main] DEBUG DriverManager -  - Driver instance created successfully: ChromeDriver: chrome on windows (ea49da64eb14313ac598fb048c3ab623)
2026-01-29 18:19:27.903 [main] DEBUG DriverFactory -  - WebDriver instance set in ThreadLocal for thread: main
2026-01-29 18:19:27.903 [main] DEBUG BaseTest -  - WebDriver initialized successfully
2026-01-29 18:19:27.903 [main] DEBUG ActionDriver -  - ActionDriver initialized with explicitWait=20 seconds
2026-01-29 18:19:27.903 [main] DEBUG BaseTest -  - ActionDriver initialized
2026-01-29 18:19:27.903 [main] INFO  BaseTest -  - Configuring Browser Settings...
2026-01-29 18:19:27.907 [main] DEBUG BaseTest -  - Setting implicit wait to 2 seconds
2026-01-29 18:19:27.912 [main] INFO  BaseTest -  - Maximizing browser window
2026-01-29 18:19:32.442 [main] INFO  BaseTest -  - Navigating to URL: https://uat.carecoordinations.com/
2026-01-29 18:19:32.442 [main] INFO  BaseTest -  - Skip for logged for method verifyMangeTeamForAllUserRole
2026-01-29 18:19:32.442 [main] INFO  BaseTest -  - === @BeforeMethod completed ===
2026-01-29 18:19:32.442 [main] DEBUG ActionDriver -  - Waiting for element to be clickable: By.xpath: //a[@class='top-nav-btn'][normalize-space()='Log In']
2026-01-29 18:19:32.514 [main] INFO  ActionDriver -  - Clicking element: By.xpath: //a[@class='top-nav-btn'][normalize-space()='Log In']
2026-01-29 18:19:32.515 [main] DEBUG ActionDriver -  - Waiting for element to be clickable: By.xpath: //a[@class='top-nav-btn'][normalize-space()='Log In']
2026-01-29 18:19:36.238 [main] INFO  LandingPage -  - Click on log in page from landing page
2026-01-29 18:19:36.238 [main] INFO  LoginPage -  - Adding Username and Password ishan_staff@yopmail.com Admin@111
2026-01-29 18:19:36.238 [main] INFO  ActionDriver -  - Entering text into By.id: email
2026-01-29 18:19:36.238 [main] DEBUG ActionDriver -  - Waiting for visibility of: By.id: email
2026-01-29 18:19:36.524 [main] INFO  ActionDriver -  - Entering text into By.id: password
2026-01-29 18:19:36.524 [main] DEBUG ActionDriver -  - Waiting for visibility of: By.id: password
2026-01-29 18:19:36.629 [main] INFO  ActionDriver -  - Clicking element: By.xpath: //button[@id='FinalCommonLoginBtn']
2026-01-29 18:19:36.629 [main] DEBUG ActionDriver -  - Waiting for element to be clickable: By.xpath: //button[@id='FinalCommonLoginBtn']
2026-01-29 18:19:36.726 [main] INFO  LoginPage -  - Clicking  on login button ......
2026-01-29 18:19:44.245 [main] DEBUG ActionDriver -  - Checking visibility for: By.xpath: //a[contains(@href,'manage-team')]
2026-01-29 18:19:44.245 [main] DEBUG ActionDriver -  - Waiting for visibility of: By.xpath: //a[contains(@href,'manage-team')]
2026-01-29 18:20:06.806 [main] ERROR ActionDriver -  - Locator not visible: By.xpath: //a[contains(@href,'manage-team')]
2026-01-29 18:20:06.806 [main] WARN  ActionDriver -  - Unexpected error while checking visibility for: By.xpath: //a[contains(@href,'manage-team')]
java.lang.RuntimeException: Element is not visibleBy.xpath: //a[contains(@href,'manage-team')]
	at com.carecoordination.healthcare.actiondriver.ActionDriver.waitForElementToVisible(ActionDriver.java:70)
	at com.carecoordination.healthcare.actiondriver.ActionDriver.isDisplayed(ActionDriver.java:220)
	at com.carecoordination.healthcare.pages.modules.AppDashBoard.HeaderPage.isManageTeamDisplayed(HeaderPage.java:23)
	at com.carecoordination.healthcare.testpages.HeaderAssertion.verifyMangeTeamForAllUserRole(HeaderAssertion.java:59)
	at java.base/jdk.internal.reflect.NativeMethodAccessorImpl.invoke0(Native Method)
	at java.base/jdk.internal.reflect.NativeMethodAccessorImpl.invoke(NativeMethodAccessorImpl.java:77)
	at java.base/jdk.internal.reflect.DelegatingMethodAccessorImpl.invoke(DelegatingMethodAccessorImpl.java:43)
	at java.base/java.lang.reflect.Method.invoke(Method.java:569)
	at org.testng.internal.invokers.MethodInvocationHelper.invokeMethod(MethodInvocationHelper.java:141)
	at org.testng.internal.invokers.TestInvoker.invokeMethod(TestInvoker.java:687)
	at org.testng.internal.invokers.TestInvoker.invokeTestMethod(TestInvoker.java:230)
	at org.testng.internal.invokers.MethodRunner.runInSequence(MethodRunner.java:63)
	at org.testng.internal.invokers.TestInvoker$MethodInvocationAgent.invoke(TestInvoker.java:995)
	at org.testng.internal.invokers.TestInvoker.invokeTestMethods(TestInvoker.java:203)
	at org.testng.internal.invokers.TestMethodWorker.invokeTestMethods(TestMethodWorker.java:154)
	at org.testng.internal.invokers.TestMethodWorker.run(TestMethodWorker.java:134)
	at java.base/java.util.ArrayList.forEach(ArrayList.java:1511)
	at org.testng.TestRunner.privateRun(TestRunner.java:741)
	at org.testng.TestRunner.run(TestRunner.java:616)
	at org.testng.SuiteRunner.runTest(SuiteRunner.java:421)
	at org.testng.SuiteRunner.runSequentially(SuiteRunner.java:413)
	at org.testng.SuiteRunner.privateRun(SuiteRunner.java:373)
	at org.testng.SuiteRunner.run(SuiteRunner.java:312)
	at org.testng.SuiteRunnerWorker.runSuite(SuiteRunnerWorker.java:52)
	at org.testng.SuiteRunnerWorker.run(SuiteRunnerWorker.java:95)
	at org.testng.TestNG.runSuitesSequentially(TestNG.java:1274)
	at org.testng.TestNG.runSuitesLocally(TestNG.java:1208)
	at org.testng.TestNG.runSuites(TestNG.java:1112)
	at org.testng.TestNG.run(TestNG.java:1079)
	at com.intellij.rt.testng.IDEARemoteTestNG.run(IDEARemoteTestNG.java:65)
	at com.intellij.rt.testng.RemoteTestNGStarter.main(RemoteTestNGStarter.java:105)
Caused by: org.openqa.selenium.TimeoutException: Expected condition failed: waiting for visibility of element located by By.xpath: //a[contains(@href,'manage-team')] (tried for 20 second(s) with 500 milliseconds interval)
Build info: version: '4.38.0', revision: '6b412e825c*'
System info: os.name: 'Windows 10', os.arch: 'amd64', os.version: '10.0', java.version: '17.0.17'
Driver info: org.openqa.selenium.chrome.ChromeDriver
Capabilities {acceptInsecureCerts: false, browserName: chrome, browserVersion: 142.0.7444.176, chrome: {chromedriverVersion: 142.0.7444.175 (302067f14a4..., userDataDir: C:\Users\DREAMW~1\AppData\L...}, fedcm:accounts: true, goog:chromeOptions: {debuggerAddress: localhost:54251}, goog:processID: 22700, networkConnectionEnabled: false, pageLoadStrategy: normal, platformName: windows, proxy: Proxy(), se:cdp: ws://localhost:54251/devtoo..., se:cdpVersion: 142.0.7444.176, setWindowRect: true, strictFileInteractability: false, timeouts: {implicit: 0, pageLoad: 300000, script: 30000}, unhandledPromptBehavior: dismiss and notify, webauthn:extension:credBlob: true, webauthn:extension:largeBlob: true, webauthn:extension:minPinLength: true, webauthn:extension:prf: true, webauthn:virtualAuthenticators: true}
Session ID: ea49da64eb14313ac598fb048c3ab623
	at org.openqa.selenium.support.ui.WebDriverWait.timeoutException(WebDriverWait.java:84)
	at org.openqa.selenium.support.ui.FluentWait.until(FluentWait.java:228)
	at com.carecoordination.healthcare.actiondriver.ActionDriver.waitForElementToVisible(ActionDriver.java:67)
	... 30 more
2026-01-29 18:20:06.806 [main] INFO  HeaderPage -  - Manage team status for logged in user false
2026-01-29 18:20:06.806 [main] DEBUG BaseTest -  - @AfterMethod optional cleanup for thread: main
2026-01-29 18:20:06.815 [main] DEBUG BaseTest -  - Skipping logout because login was skipped for this test
2026-01-29 18:20:06.819 [main] INFO  DriverFactory -  - Quitting WebDriver for thread: main
2026-01-29 18:20:07.167 [main] DEBUG DriverFactory -  - WebDriver removed from ThreadLocal for thread: main
2026-01-29 18:20:07.167 [main] INFO  BaseTest -  - WebDriver quit and ThreadLocal cleared
2026-01-29 18:20:07.167 [main] INFO  BaseTest -  - ===== Starting Test Setup on thread: main =====
2026-01-29 18:20:07.167 [main] INFO  BaseTest -  - No TestNG browser parameter provided. Falling back to config: chrome
2026-01-29 18:20:07.167 [main] INFO  DriverFactory -  - Initiating driver on for browser chrome on threadmain
2026-01-29 18:20:08.330 [main] INFO  DriverManager -  - Chrome Driver Instance Is Created
2026-01-29 18:20:08.331 [main] DEBUG DriverManager -  - Driver instance created successfully: ChromeDriver: chrome on windows (b89b6ec65527a18d76c08813a2493092)
2026-01-29 18:20:08.331 [main] DEBUG DriverFactory -  - WebDriver instance set in ThreadLocal for thread: main
2026-01-29 18:20:08.331 [main] DEBUG BaseTest -  - WebDriver initialized successfully
2026-01-29 18:20:08.331 [main] DEBUG ActionDriver -  - ActionDriver initialized with explicitWait=20 seconds
2026-01-29 18:20:08.331 [main] DEBUG BaseTest -  - ActionDriver initialized
2026-01-29 18:20:08.331 [main] INFO  BaseTest -  - Configuring Browser Settings...
2026-01-29 18:20:08.331 [main] DEBUG BaseTest -  - Setting implicit wait to 2 seconds
2026-01-29 18:20:08.338 [main] INFO  BaseTest -  - Maximizing browser window
2026-01-29 18:20:12.412 [main] INFO  BaseTest -  - Navigating to URL: https://uat.carecoordinations.com/
2026-01-29 18:20:12.412 [main] INFO  BaseTest -  - Skip for logged for method verifyMangeTeamForAllUserRole
2026-01-29 18:20:12.413 [main] INFO  BaseTest -  - === @BeforeMethod completed ===
2026-01-29 18:20:12.419 [main] DEBUG ActionDriver -  - Waiting for element to be clickable: By.xpath: //a[@class='top-nav-btn'][normalize-space()='Log In']
2026-01-29 18:20:12.470 [main] INFO  ActionDriver -  - Clicking element: By.xpath: //a[@class='top-nav-btn'][normalize-space()='Log In']
2026-01-29 18:20:12.470 [main] DEBUG ActionDriver -  - Waiting for element to be clickable: By.xpath: //a[@class='top-nav-btn'][normalize-space()='Log In']
2026-01-29 18:20:16.756 [main] INFO  LandingPage -  - Click on log in page from landing page
2026-01-29 18:20:16.756 [main] INFO  LoginPage -  - Adding Username and Password ellen.triage@yopmail.com Admin@111
2026-01-29 18:20:16.756 [main] INFO  ActionDriver -  - Entering text into By.id: email
2026-01-29 18:20:16.756 [main] DEBUG ActionDriver -  - Waiting for visibility of: By.id: email
2026-01-29 18:20:16.954 [main] INFO  ActionDriver -  - Entering text into By.id: password
2026-01-29 18:20:16.954 [main] DEBUG ActionDriver -  - Waiting for visibility of: By.id: password
2026-01-29 18:20:17.071 [main] INFO  ActionDriver -  - Clicking element: By.xpath: //button[@id='FinalCommonLoginBtn']
2026-01-29 18:20:17.071 [main] DEBUG ActionDriver -  - Waiting for element to be clickable: By.xpath: //button[@id='FinalCommonLoginBtn']
2026-01-29 18:20:17.159 [main] INFO  LoginPage -  - Clicking  on login button ......
2026-01-29 18:20:29.809 [main] DEBUG ActionDriver -  - Checking visibility for: By.xpath: //a[contains(@href,'manage-team')]
2026-01-29 18:20:29.809 [main] DEBUG ActionDriver -  - Waiting for visibility of: By.xpath: //a[contains(@href,'manage-team')]
2026-01-29 18:20:49.900 [main] ERROR ActionDriver -  - Locator not visible: By.xpath: //a[contains(@href,'manage-team')]
2026-01-29 18:20:49.900 [main] WARN  ActionDriver -  - Unexpected error while checking visibility for: By.xpath: //a[contains(@href,'manage-team')]
java.lang.RuntimeException: Element is not visibleBy.xpath: //a[contains(@href,'manage-team')]
	at com.carecoordination.healthcare.actiondriver.ActionDriver.waitForElementToVisible(ActionDriver.java:70)
	at com.carecoordination.healthcare.actiondriver.ActionDriver.isDisplayed(ActionDriver.java:220)
	at com.carecoordination.healthcare.pages.modules.AppDashBoard.HeaderPage.isManageTeamDisplayed(HeaderPage.java:23)
	at com.carecoordination.healthcare.testpages.HeaderAssertion.verifyMangeTeamForAllUserRole(HeaderAssertion.java:59)
	at java.base/jdk.internal.reflect.NativeMethodAccessorImpl.invoke0(Native Method)
	at java.base/jdk.internal.reflect.NativeMethodAccessorImpl.invoke(NativeMethodAccessorImpl.java:77)
	at java.base/jdk.internal.reflect.DelegatingMethodAccessorImpl.invoke(DelegatingMethodAccessorImpl.java:43)
	at java.base/java.lang.reflect.Method.invoke(Method.java:569)
	at org.testng.internal.invokers.MethodInvocationHelper.invokeMethod(MethodInvocationHelper.java:141)
	at org.testng.internal.invokers.TestInvoker.invokeMethod(TestInvoker.java:687)
	at org.testng.internal.invokers.TestInvoker.invokeTestMethod(TestInvoker.java:230)
	at org.testng.internal.invokers.MethodRunner.runInSequence(MethodRunner.java:63)
	at org.testng.internal.invokers.TestInvoker$MethodInvocationAgent.invoke(TestInvoker.java:995)
	at org.testng.internal.invokers.TestInvoker.invokeTestMethods(TestInvoker.java:203)
	at org.testng.internal.invokers.TestMethodWorker.invokeTestMethods(TestMethodWorker.java:154)
	at org.testng.internal.invokers.TestMethodWorker.run(TestMethodWorker.java:134)
	at java.base/java.util.ArrayList.forEach(ArrayList.java:1511)
	at org.testng.TestRunner.privateRun(TestRunner.java:741)
	at org.testng.TestRunner.run(TestRunner.java:616)
	at org.testng.SuiteRunner.runTest(SuiteRunner.java:421)
	at org.testng.SuiteRunner.runSequentially(SuiteRunner.java:413)
	at org.testng.SuiteRunner.privateRun(SuiteRunner.java:373)
	at org.testng.SuiteRunner.run(SuiteRunner.java:312)
	at org.testng.SuiteRunnerWorker.runSuite(SuiteRunnerWorker.java:52)
	at org.testng.SuiteRunnerWorker.run(SuiteRunnerWorker.java:95)
	at org.testng.TestNG.runSuitesSequentially(TestNG.java:1274)
	at org.testng.TestNG.runSuitesLocally(TestNG.java:1208)
	at org.testng.TestNG.runSuites(TestNG.java:1112)
	at org.testng.TestNG.run(TestNG.java:1079)
	at com.intellij.rt.testng.IDEARemoteTestNG.run(IDEARemoteTestNG.java:65)
	at com.intellij.rt.testng.RemoteTestNGStarter.main(RemoteTestNGStarter.java:105)
Caused by: org.openqa.selenium.TimeoutException: Expected condition failed: waiting for visibility of element located by By.xpath: //a[contains(@href,'manage-team')] (tried for 20 second(s) with 500 milliseconds interval)
Build info: version: '4.38.0', revision: '6b412e825c*'
System info: os.name: 'Windows 10', os.arch: 'amd64', os.version: '10.0', java.version: '17.0.17'
Driver info: org.openqa.selenium.chrome.ChromeDriver
Capabilities {acceptInsecureCerts: false, browserName: chrome, browserVersion: 142.0.7444.176, chrome: {chromedriverVersion: 142.0.7444.175 (302067f14a4..., userDataDir: C:\Users\DREAMW~1\AppData\L...}, fedcm:accounts: true, goog:chromeOptions: {debuggerAddress: localhost:54364}, goog:processID: 32924, networkConnectionEnabled: false, pageLoadStrategy: normal, platformName: windows, proxy: Proxy(), se:cdp: ws://localhost:54364/devtoo..., se:cdpVersion: 142.0.7444.176, setWindowRect: true, strictFileInteractability: false, timeouts: {implicit: 0, pageLoad: 300000, script: 30000}, unhandledPromptBehavior: dismiss and notify, webauthn:extension:credBlob: true, webauthn:extension:largeBlob: true, webauthn:extension:minPinLength: true, webauthn:extension:prf: true, webauthn:virtualAuthenticators: true}
Session ID: b89b6ec65527a18d76c08813a2493092
	at org.openqa.selenium.support.ui.WebDriverWait.timeoutException(WebDriverWait.java:84)
	at org.openqa.selenium.support.ui.FluentWait.until(FluentWait.java:228)
	at com.carecoordination.healthcare.actiondriver.ActionDriver.waitForElementToVisible(ActionDriver.java:67)
	... 30 more
2026-01-29 18:20:49.900 [main] INFO  HeaderPage -  - Manage team status for logged in user false
2026-01-29 18:20:49.903 [main] DEBUG BaseTest -  - @AfterMethod optional cleanup for thread: main
2026-01-29 18:20:49.903 [main] DEBUG BaseTest -  - Skipping logout because login was skipped for this test
2026-01-29 18:20:49.903 [main] INFO  DriverFactory -  - Quitting WebDriver for thread: main
2026-01-29 18:20:50.268 [main] DEBUG DriverFactory -  - WebDriver removed from ThreadLocal for thread: main
2026-01-29 18:20:50.268 [main] INFO  BaseTest -  - WebDriver quit and ThreadLocal cleared
2026-01-29 18:20:50.269 [main] INFO  BaseTest -  - ===== Starting Test Setup on thread: main =====
2026-01-29 18:20:50.269 [main] INFO  BaseTest -  - No TestNG browser parameter provided. Falling back to config: chrome
2026-01-29 18:20:50.269 [main] INFO  DriverFactory -  - Initiating driver on for browser chrome on threadmain
2026-01-29 18:20:51.234 [main] INFO  DriverManager -  - Chrome Driver Instance Is Created
2026-01-29 18:20:51.234 [main] DEBUG DriverManager -  - Driver instance created successfully: ChromeDriver: chrome on windows (28a225fa36159d0bf417c75268a1aee8)
2026-01-29 18:20:51.234 [main] DEBUG DriverFactory -  - WebDriver instance set in ThreadLocal for thread: main
2026-01-29 18:20:51.234 [main] DEBUG BaseTest -  - WebDriver initialized successfully
2026-01-29 18:20:51.235 [main] DEBUG ActionDriver -  - ActionDriver initialized with explicitWait=20 seconds
2026-01-29 18:20:51.235 [main] DEBUG BaseTest -  - ActionDriver initialized
2026-01-29 18:20:51.235 [main] INFO  BaseTest -  - Configuring Browser Settings...
2026-01-29 18:20:51.235 [main] DEBUG BaseTest -  - Setting implicit wait to 2 seconds
2026-01-29 18:20:51.237 [main] INFO  BaseTest -  - Maximizing browser window
2026-01-29 18:20:55.780 [main] INFO  BaseTest -  - Navigating to URL: https://uat.carecoordinations.com/
2026-01-29 18:20:55.780 [main] INFO  BaseTest -  - Skip for logged for method verifyMangeTeamForAllUserRole
2026-01-29 18:20:55.780 [main] INFO  BaseTest -  - === @BeforeMethod completed ===
2026-01-29 18:20:55.790 [main] DEBUG ActionDriver -  - Waiting for element to be clickable: By.xpath: //a[@class='top-nav-btn'][normalize-space()='Log In']
2026-01-29 18:20:55.843 [main] INFO  ActionDriver -  - Clicking element: By.xpath: //a[@class='top-nav-btn'][normalize-space()='Log In']
2026-01-29 18:20:55.845 [main] DEBUG ActionDriver -  - Waiting for element to be clickable: By.xpath: //a[@class='top-nav-btn'][normalize-space()='Log In']
2026-01-29 18:21:00.135 [main] INFO  LandingPage -  - Click on log in page from landing page
2026-01-29 18:21:00.136 [main] INFO  LoginPage -  - Adding Username and Password Jhony.vendor@yopmail.com Nexi@1234
2026-01-29 18:21:00.136 [main] INFO  ActionDriver -  - Entering text into By.id: email
2026-01-29 18:21:00.136 [main] DEBUG ActionDriver -  - Waiting for visibility of: By.id: email
2026-01-29 18:21:00.418 [main] INFO  ActionDriver -  - Entering text into By.id: password
2026-01-29 18:21:00.419 [main] DEBUG ActionDriver -  - Waiting for visibility of: By.id: password
2026-01-29 18:21:00.583 [main] INFO  ActionDriver -  - Clicking element: By.xpath: //button[@id='FinalCommonLoginBtn']
2026-01-29 18:21:00.583 [main] DEBUG ActionDriver -  - Waiting for element to be clickable: By.xpath: //button[@id='FinalCommonLoginBtn']
2026-01-29 18:21:00.687 [main] INFO  LoginPage -  - Clicking  on login button ......
2026-01-29 18:21:09.390 [main] DEBUG ActionDriver -  - Checking visibility for: By.xpath: //a[contains(@href,'manage-team')]
2026-01-29 18:21:09.390 [main] DEBUG ActionDriver -  - Waiting for visibility of: By.xpath: //a[contains(@href,'manage-team')]
2026-01-29 18:21:29.434 [main] ERROR ActionDriver -  - Locator not visible: By.xpath: //a[contains(@href,'manage-team')]
2026-01-29 18:21:29.434 [main] WARN  ActionDriver -  - Unexpected error while checking visibility for: By.xpath: //a[contains(@href,'manage-team')]
java.lang.RuntimeException: Element is not visibleBy.xpath: //a[contains(@href,'manage-team')]
	at com.carecoordination.healthcare.actiondriver.ActionDriver.waitForElementToVisible(ActionDriver.java:70)
	at com.carecoordination.healthcare.actiondriver.ActionDriver.isDisplayed(ActionDriver.java:220)
	at com.carecoordination.healthcare.pages.modules.AppDashBoard.HeaderPage.isManageTeamDisplayed(HeaderPage.java:23)
	at com.carecoordination.healthcare.testpages.HeaderAssertion.verifyMangeTeamForAllUserRole(HeaderAssertion.java:59)
	at java.base/jdk.internal.reflect.NativeMethodAccessorImpl.invoke0(Native Method)
	at java.base/jdk.internal.reflect.NativeMethodAccessorImpl.invoke(NativeMethodAccessorImpl.java:77)
	at java.base/jdk.internal.reflect.DelegatingMethodAccessorImpl.invoke(DelegatingMethodAccessorImpl.java:43)
	at java.base/java.lang.reflect.Method.invoke(Method.java:569)
	at org.testng.internal.invokers.MethodInvocationHelper.invokeMethod(MethodInvocationHelper.java:141)
	at org.testng.internal.invokers.TestInvoker.invokeMethod(TestInvoker.java:687)
	at org.testng.internal.invokers.TestInvoker.invokeTestMethod(TestInvoker.java:230)
	at org.testng.internal.invokers.MethodRunner.runInSequence(MethodRunner.java:63)
	at org.testng.internal.invokers.TestInvoker$MethodInvocationAgent.invoke(TestInvoker.java:995)
	at org.testng.internal.invokers.TestInvoker.invokeTestMethods(TestInvoker.java:203)
	at org.testng.internal.invokers.TestMethodWorker.invokeTestMethods(TestMethodWorker.java:154)
	at org.testng.internal.invokers.TestMethodWorker.run(TestMethodWorker.java:134)
	at java.base/java.util.ArrayList.forEach(ArrayList.java:1511)
	at org.testng.TestRunner.privateRun(TestRunner.java:741)
	at org.testng.TestRunner.run(TestRunner.java:616)
	at org.testng.SuiteRunner.runTest(SuiteRunner.java:421)
	at org.testng.SuiteRunner.runSequentially(SuiteRunner.java:413)
	at org.testng.SuiteRunner.privateRun(SuiteRunner.java:373)
	at org.testng.SuiteRunner.run(SuiteRunner.java:312)
	at org.testng.SuiteRunnerWorker.runSuite(SuiteRunnerWorker.java:52)
	at org.testng.SuiteRunnerWorker.run(SuiteRunnerWorker.java:95)
	at org.testng.TestNG.runSuitesSequentially(TestNG.java:1274)
	at org.testng.TestNG.runSuitesLocally(TestNG.java:1208)
	at org.testng.TestNG.runSuites(TestNG.java:1112)
	at org.testng.TestNG.run(TestNG.java:1079)
	at com.intellij.rt.testng.IDEARemoteTestNG.run(IDEARemoteTestNG.java:65)
	at com.intellij.rt.testng.RemoteTestNGStarter.main(RemoteTestNGStarter.java:105)
Caused by: org.openqa.selenium.TimeoutException: Expected condition failed: waiting for visibility of element located by By.xpath: //a[contains(@href,'manage-team')] (tried for 20 second(s) with 500 milliseconds interval)
Build info: version: '4.38.0', revision: '6b412e825c*'
System info: os.name: 'Windows 10', os.arch: 'amd64', os.version: '10.0', java.version: '17.0.17'
Driver info: org.openqa.selenium.chrome.ChromeDriver
Capabilities {acceptInsecureCerts: false, browserName: chrome, browserVersion: 142.0.7444.176, chrome: {chromedriverVersion: 142.0.7444.175 (302067f14a4..., userDataDir: C:\Users\DREAMW~1\AppData\L...}, fedcm:accounts: true, goog:chromeOptions: {debuggerAddress: localhost:54480}, goog:processID: 40164, networkConnectionEnabled: false, pageLoadStrategy: normal, platformName: windows, proxy: Proxy(), se:cdp: ws://localhost:54480/devtoo..., se:cdpVersion: 142.0.7444.176, setWindowRect: true, strictFileInteractability: false, timeouts: {implicit: 0, pageLoad: 300000, script: 30000}, unhandledPromptBehavior: dismiss and notify, webauthn:extension:credBlob: true, webauthn:extension:largeBlob: true, webauthn:extension:minPinLength: true, webauthn:extension:prf: true, webauthn:virtualAuthenticators: true}
Session ID: 28a225fa36159d0bf417c75268a1aee8
	at org.openqa.selenium.support.ui.WebDriverWait.timeoutException(WebDriverWait.java:84)
	at org.openqa.selenium.support.ui.FluentWait.until(FluentWait.java:228)
	at com.carecoordination.healthcare.actiondriver.ActionDriver.waitForElementToVisible(ActionDriver.java:67)
	... 30 more
2026-01-29 18:21:29.435 [main] INFO  HeaderPage -  - Manage team status for logged in user false
2026-01-29 18:21:29.436 [main] DEBUG BaseTest -  - @AfterMethod optional cleanup for thread: main
2026-01-29 18:21:29.437 [main] DEBUG BaseTest -  - Skipping logout because login was skipped for this test
2026-01-29 18:21:29.437 [main] INFO  DriverFactory -  - Quitting WebDriver for thread: main
2026-01-29 18:21:29.830 [main] DEBUG DriverFactory -  - WebDriver removed from ThreadLocal for thread: main
2026-01-29 18:21:29.830 [main] INFO  BaseTest -  - WebDriver quit and ThreadLocal cleared
